2019-09-18 09:58:08,827 INFO [root] [base.py (__init__:15] - 获取driver对象：<appium.webdriver.webdriver.WebDriver (session="2145a864-980f-480a-a0fe-e11e77b2394e")>
2019-09-18 09:58:08,831 INFO [root] [base.py (__init__:15] - 获取driver对象：<appium.webdriver.webdriver.WebDriver (session="2145a864-980f-480a-a0fe-e11e77b2394e")>
2019-09-18 09:58:08,831 INFO [root] [base.py (base_find:22] - 正在查找元素：('id', 'com.yunmall.lc:id/img_close') 超时时间：10 访问频率：0.5
2019-09-18 09:58:09,382 INFO [root] [base.py (base_click:37] - 正在点击元素：('id', 'com.yunmall.lc:id/img_close')
2019-09-18 09:58:09,383 INFO [root] [base.py (base_find:22] - 正在查找元素：('id', 'com.yunmall.lc:id/tab_me') 超时时间：10 访问频率：0.5
2019-09-18 09:58:10,519 INFO [root] [base.py (base_click:37] - 正在点击元素：('id', 'com.yunmall.lc:id/tab_me')
2019-09-18 09:58:10,519 INFO [root] [base.py (base_find:22] - 正在查找元素：('id', 'com.yunmall.lc:id/textView1') 超时时间：10 访问频率：0.5
2019-09-18 09:58:12,100 INFO [root] [base.py (base_click:37] - 正在点击元素：('id', 'com.yunmall.lc:id/textView1')
2019-09-18 09:58:12,101 INFO [root] [base.py (base_find:22] - 正在查找元素：('id', 'com.yunmall.lc:id/logon_account_textview') 超时时间：10 访问频率：0.5
2019-09-18 09:58:13,437 INFO [root] [base.py (base_input:45] - 正在对元素：('id', 'com.yunmall.lc:id/logon_account_textview') 执行清空操作
2019-09-18 09:58:14,203 INFO [root] [base.py (base_input:48] - 对元素：('id', 'com.yunmall.lc:id/logon_account_textview') 执行 输入：18333182751
2019-09-18 09:58:14,203 INFO [root] [base.py (base_find:22] - 正在查找元素：('id', 'com.yunmall.lc:id/logon_password_textview') 超时时间：10 访问频率：0.5
2019-09-18 09:58:16,063 INFO [root] [base.py (base_input:45] - 正在对元素：('id', 'com.yunmall.lc:id/logon_password_textview') 执行清空操作
2019-09-18 09:58:16,640 INFO [root] [base.py (base_input:48] - 对元素：('id', 'com.yunmall.lc:id/logon_password_textview') 执行 输入：yuanning123456
2019-09-18 09:58:16,641 INFO [root] [base.py (base_find:22] - 正在查找元素：('id', 'com.yunmall.lc:id/logon_button') 超时时间：10 访问频率：0.5
2019-09-18 09:58:17,187 INFO [root] [base.py (base_click:37] - 正在点击元素：('id', 'com.yunmall.lc:id/logon_button')
2019-09-18 09:58:19,188 INFO [root] [base.py (base_find:22] - 正在查找元素：('id', 'com.yunmall.lc:id/ymtitlebar_left_btn_image') 超时时间：10 访问频率：0.5
2019-09-18 09:58:19,248 INFO [root] [base.py (base_click:37] - 正在点击元素：('id', 'com.yunmall.lc:id/ymtitlebar_left_btn_image')
2019-09-18 09:58:19,249 INFO [root] [base.py (base_find:22] - 正在查找元素：('id', 'com.yunmall.lc:id/setting_address_manage') 超时时间：10 访问频率：0.5
2019-09-18 09:58:20,444 INFO [root] [base.py (base_click:37] - 正在点击元素：('id', 'com.yunmall.lc:id/setting_address_manage')
2019-09-18 09:58:20,445 INFO [root] [base.py (base_find:22] - 正在查找元素：('id', 'com.yunmall.lc:id/address_add_new_btn') 超时时间：10 访问频率：0.5
2019-09-18 09:58:21,607 INFO [root] [base.py (base_click:37] - 正在点击元素：('id', 'com.yunmall.lc:id/address_add_new_btn')
2019-09-18 09:58:21,608 INFO [root] [base.py (base_find:22] - 正在查找元素：('id', 'com.yunmall.lc:id/address_receipt_name') 超时时间：10 访问频率：0.5
2019-09-18 09:58:23,324 INFO [root] [base.py (base_input:45] - 正在对元素：('id', 'com.yunmall.lc:id/address_receipt_name') 执行清空操作
2019-09-18 09:58:23,988 INFO [root] [base.py (base_input:48] - 对元素：('id', 'com.yunmall.lc:id/address_receipt_name') 执行 输入：张三
2019-09-18 09:58:23,988 INFO [root] [base.py (base_find:22] - 正在查找元素：('id', 'com.yunmall.lc:id/address_add_phone') 超时时间：10 访问频率：0.5
2019-09-18 09:58:25,030 INFO [root] [base.py (base_input:45] - 正在对元素：('id', 'com.yunmall.lc:id/address_add_phone') 执行清空操作
2019-09-18 09:58:26,166 INFO [root] [base.py (base_input:48] - 对元素：('id', 'com.yunmall.lc:id/address_add_phone') 执行 输入：13800001111
2019-09-18 09:58:26,166 INFO [root] [base.py (base_find:22] - 正在查找元素：('id', 'com.yunmall.lc:id/address_province') 超时时间：10 访问频率：0.5
2019-09-18 09:58:26,274 INFO [root] [base.py (base_click:37] - 正在点击元素：('id', 'com.yunmall.lc:id/address_province')
2019-09-18 09:58:26,274 INFO [root] [base.py (base_find:22] - 正在查找元素：('xpath', "//*[contains(@text,'河北省')]") 超时时间：10 访问频率：0.5
2019-09-18 09:58:27,702 INFO [root] [base.py (base_click:37] - 正在点击元素：('xpath', "//*[contains(@text,'河北省')]")
2019-09-18 09:58:27,702 INFO [root] [base.py (base_find:22] - 正在查找元素：('xpath', "//*[contains(@text,'石家庄')]") 超时时间：10 访问频率：0.5
2019-09-18 09:58:28,566 INFO [root] [base.py (base_click:37] - 正在点击元素：('xpath', "//*[contains(@text,'石家庄')]")
2019-09-18 09:58:28,566 INFO [root] [base.py (base_find:22] - 正在查找元素：('xpath', "//*[contains(@text,'长安区')]") 超时时间：10 访问频率：0.5
2019-09-18 09:58:29,432 INFO [root] [base.py (base_click:37] - 正在点击元素：('xpath', "//*[contains(@text,'长安区')]")
2019-09-18 09:58:29,432 INFO [root] [base.py (base_find:22] - 正在查找元素：('id', 'com.yunmall.lc:id/address_detail_addr_info') 超时时间：10 访问频率：0.5
2019-09-18 09:58:30,617 INFO [root] [base.py (base_input:45] - 正在对元素：('id', 'com.yunmall.lc:id/address_detail_addr_info') 执行清空操作
2019-09-18 09:58:31,399 INFO [root] [base.py (base_input:48] - 对元素：('id', 'com.yunmall.lc:id/address_detail_addr_info') 执行 输入：京城110号
2019-09-18 09:58:31,399 INFO [root] [base.py (base_find:22] - 正在查找元素：('id', 'com.yunmall.lc:id/address_post_code') 超时时间：10 访问频率：0.5
2019-09-18 09:58:32,403 INFO [root] [base.py (base_input:45] - 正在对元素：('id', 'com.yunmall.lc:id/address_post_code') 执行清空操作
2019-09-18 09:58:33,101 INFO [root] [base.py (base_input:48] - 对元素：('id', 'com.yunmall.lc:id/address_post_code') 执行 输入：100010
2019-09-18 09:58:33,101 INFO [root] [base.py (base_find:22] - 正在查找元素：('id', 'com.yunmall.lc:id/address_default') 超时时间：10 访问频率：0.5
2019-09-18 09:58:33,632 INFO [root] [base.py (base_click:37] - 正在点击元素：('id', 'com.yunmall.lc:id/address_default')
2019-09-18 09:58:33,633 INFO [root] [base.py (base_find:22] - 正在查找元素：('id', 'com.yunmall.lc:id/button_send') 超时时间：10 访问频率：0.5
2019-09-18 09:58:34,164 INFO [root] [base.py (base_click:37] - 正在点击元素：('id', 'com.yunmall.lc:id/button_send')
2019-09-18 09:58:34,164 INFO [root] [base.py (base_finds:29] - 正在查找元素：('id', 'com.yunmall.lc:id/receipt_name') 超时时间：10 访问频率：0.5
2019-09-18 09:58:35,340 INFO [root] [base.py (base_finds:29] - 正在查找元素：('id', 'com.yunmall.lc:id/receipt_name') 超时时间：10 访问频率：0.5
2019-09-18 09:58:35,693 INFO [root] [base.py (base_find:22] - 正在查找元素：('id', 'com.yunmall.lc:id/ymtitlebar_right_btn') 超时时间：10 访问频率：0.5
2019-09-18 09:58:35,757 INFO [root] [base.py (base_click:37] - 正在点击元素：('id', 'com.yunmall.lc:id/ymtitlebar_right_btn')
2019-09-18 09:58:35,758 INFO [root] [base.py (base_finds:29] - 正在查找元素：修改 超时时间：10 访问频率：0.5
2019-09-18 09:58:46,991 INFO [root] [base.py (base_find:22] - 正在查找元素：('id', 'com.yunmall.lc:id/ymtitlebar_right_btn') 超时时间：10 访问频率：0.5
2019-09-18 09:58:47,037 INFO [root] [base.py (base_click:37] - 正在点击元素：('id', 'com.yunmall.lc:id/ymtitlebar_right_btn')
2019-09-18 09:58:47,037 INFO [root] [base.py (base_finds:29] - 正在查找元素：删除 超时时间：10 访问频率：0.5
2019-09-18 10:02:23,786 INFO [root] [base.py (__init__:15] - 获取driver对象：<appium.webdriver.webdriver.WebDriver (session="53bfcda2-4f43-4217-9fef-d7de1803c378")>
2019-09-18 10:02:23,787 INFO [root] [base.py (__init__:15] - 获取driver对象：<appium.webdriver.webdriver.WebDriver (session="53bfcda2-4f43-4217-9fef-d7de1803c378")>
2019-09-18 10:02:23,787 INFO [root] [base.py (base_find:22] - 正在查找元素：('id', 'com.yunmall.lc:id/img_close') 超时时间：10 访问频率：0.5
2019-09-18 10:02:24,361 INFO [root] [base.py (base_click:37] - 正在点击元素：('id', 'com.yunmall.lc:id/img_close')
2019-09-18 10:02:24,361 INFO [root] [base.py (base_find:22] - 正在查找元素：('id', 'com.yunmall.lc:id/tab_me') 超时时间：10 访问频率：0.5
2019-09-18 10:02:26,193 INFO [root] [base.py (base_click:37] - 正在点击元素：('id', 'com.yunmall.lc:id/tab_me')
2019-09-18 10:02:26,193 INFO [root] [base.py (base_find:22] - 正在查找元素：('id', 'com.yunmall.lc:id/textView1') 超时时间：10 访问频率：0.5
2019-09-18 10:02:27,609 INFO [root] [base.py (base_click:37] - 正在点击元素：('id', 'com.yunmall.lc:id/textView1')
2019-09-18 10:02:27,609 INFO [root] [base.py (base_find:22] - 正在查找元素：('id', 'com.yunmall.lc:id/logon_account_textview') 超时时间：10 访问频率：0.5
2019-09-18 10:02:28,906 INFO [root] [base.py (base_input:45] - 正在对元素：('id', 'com.yunmall.lc:id/logon_account_textview') 执行清空操作
2019-09-18 10:02:29,558 INFO [root] [base.py (base_input:48] - 对元素：('id', 'com.yunmall.lc:id/logon_account_textview') 执行 输入：18333182751
2019-09-18 10:02:29,558 INFO [root] [base.py (base_find:22] - 正在查找元素：('id', 'com.yunmall.lc:id/logon_password_textview') 超时时间：10 访问频率：0.5
2019-09-18 10:02:31,450 INFO [root] [base.py (base_input:45] - 正在对元素：('id', 'com.yunmall.lc:id/logon_password_textview') 执行清空操作
2019-09-18 10:02:32,051 INFO [root] [base.py (base_input:48] - 对元素：('id', 'com.yunmall.lc:id/logon_password_textview') 执行 输入：yuanning123456
2019-09-18 10:02:32,052 INFO [root] [base.py (base_find:22] - 正在查找元素：('id', 'com.yunmall.lc:id/logon_button') 超时时间：10 访问频率：0.5
2019-09-18 10:02:32,575 INFO [root] [base.py (base_click:37] - 正在点击元素：('id', 'com.yunmall.lc:id/logon_button')
2019-09-18 10:02:34,576 INFO [root] [base.py (base_find:22] - 正在查找元素：('id', 'com.yunmall.lc:id/ymtitlebar_left_btn_image') 超时时间：10 访问频率：0.5
2019-09-18 10:02:34,617 INFO [root] [base.py (base_click:37] - 正在点击元素：('id', 'com.yunmall.lc:id/ymtitlebar_left_btn_image')
2019-09-18 10:02:34,617 INFO [root] [base.py (base_find:22] - 正在查找元素：('id', 'com.yunmall.lc:id/setting_address_manage') 超时时间：10 访问频率：0.5
2019-09-18 10:02:35,799 INFO [root] [base.py (base_click:37] - 正在点击元素：('id', 'com.yunmall.lc:id/setting_address_manage')
2019-09-18 10:02:37,801 INFO [root] [base.py (base_find:22] - 正在查找元素：('id', 'com.yunmall.lc:id/ymtitlebar_right_btn') 超时时间：10 访问频率：0.5
2019-09-18 10:02:37,847 INFO [root] [base.py (base_click:37] - 正在点击元素：('id', 'com.yunmall.lc:id/ymtitlebar_right_btn')
2019-09-18 10:02:37,847 INFO [root] [base.py (base_finds:29] - 正在查找元素：修改 超时时间：10 访问频率：0.5
2019-09-18 10:02:49,056 INFO [root] [base.py (base_find:22] - 正在查找元素：('id', 'com.yunmall.lc:id/ymtitlebar_right_btn') 超时时间：10 访问频率：0.5
2019-09-18 10:02:49,121 INFO [root] [base.py (base_click:37] - 正在点击元素：('id', 'com.yunmall.lc:id/ymtitlebar_right_btn')
2019-09-18 10:02:49,121 INFO [root] [base.py (base_finds:29] - 正在查找元素：删除 超时时间：10 访问频率：0.5
2019-09-18 10:03:38,447 INFO [root] [base.py (__init__:15] - 获取driver对象：<appium.webdriver.webdriver.WebDriver (session="0fabf930-ec9d-468c-b799-49652c6aef7c")>
2019-09-18 10:03:38,447 INFO [root] [base.py (__init__:15] - 获取driver对象：<appium.webdriver.webdriver.WebDriver (session="0fabf930-ec9d-468c-b799-49652c6aef7c")>
2019-09-18 10:03:38,448 INFO [root] [base.py (base_find:22] - 正在查找元素：('id', 'com.yunmall.lc:id/img_close') 超时时间：10 访问频率：0.5
2019-09-18 10:03:39,032 INFO [root] [base.py (base_click:37] - 正在点击元素：('id', 'com.yunmall.lc:id/img_close')
2019-09-18 10:03:39,032 INFO [root] [base.py (base_find:22] - 正在查找元素：('id', 'com.yunmall.lc:id/tab_me') 超时时间：10 访问频率：0.5
2019-09-18 10:03:40,143 INFO [root] [base.py (base_click:37] - 正在点击元素：('id', 'com.yunmall.lc:id/tab_me')
2019-09-18 10:03:40,143 INFO [root] [base.py (base_find:22] - 正在查找元素：('id', 'com.yunmall.lc:id/textView1') 超时时间：10 访问频率：0.5
2019-09-18 10:03:41,558 INFO [root] [base.py (base_click:37] - 正在点击元素：('id', 'com.yunmall.lc:id/textView1')
2019-09-18 10:03:41,558 INFO [root] [base.py (base_find:22] - 正在查找元素：('id', 'com.yunmall.lc:id/logon_account_textview') 超时时间：10 访问频率：0.5
2019-09-18 10:03:42,909 INFO [root] [base.py (base_input:45] - 正在对元素：('id', 'com.yunmall.lc:id/logon_account_textview') 执行清空操作
2019-09-18 10:03:43,579 INFO [root] [base.py (base_input:48] - 对元素：('id', 'com.yunmall.lc:id/logon_account_textview') 执行 输入：18333182751
2019-09-18 10:03:43,579 INFO [root] [base.py (base_find:22] - 正在查找元素：('id', 'com.yunmall.lc:id/logon_password_textview') 超时时间：10 访问频率：0.5
2019-09-18 10:03:45,399 INFO [root] [base.py (base_input:45] - 正在对元素：('id', 'com.yunmall.lc:id/logon_password_textview') 执行清空操作
2019-09-18 10:03:46,011 INFO [root] [base.py (base_input:48] - 对元素：('id', 'com.yunmall.lc:id/logon_password_textview') 执行 输入：yuanning123456
2019-09-18 10:03:46,012 INFO [root] [base.py (base_find:22] - 正在查找元素：('id', 'com.yunmall.lc:id/logon_button') 超时时间：10 访问频率：0.5
2019-09-18 10:03:46,554 INFO [root] [base.py (base_click:37] - 正在点击元素：('id', 'com.yunmall.lc:id/logon_button')
2019-09-18 10:03:48,556 INFO [root] [base.py (base_find:22] - 正在查找元素：('id', 'com.yunmall.lc:id/ymtitlebar_left_btn_image') 超时时间：10 访问频率：0.5
2019-09-18 10:03:48,618 INFO [root] [base.py (base_click:37] - 正在点击元素：('id', 'com.yunmall.lc:id/ymtitlebar_left_btn_image')
2019-09-18 10:03:48,619 INFO [root] [base.py (base_find:22] - 正在查找元素：('id', 'com.yunmall.lc:id/setting_address_manage') 超时时间：10 访问频率：0.5
2019-09-18 10:03:49,809 INFO [root] [base.py (base_click:37] - 正在点击元素：('id', 'com.yunmall.lc:id/setting_address_manage')
2019-09-18 10:03:49,811 INFO [root] [base.py (base_find:22] - 正在查找元素：('id', 'com.yunmall.lc:id/ymtitlebar_right_btn') 超时时间：10 访问频率：0.5
2019-09-18 10:03:50,946 INFO [root] [base.py (base_click:37] - 正在点击元素：('id', 'com.yunmall.lc:id/ymtitlebar_right_btn')
2019-09-18 10:03:52,947 INFO [root] [base.py (base_finds:29] - 正在查找元素：修改 超时时间：10 访问频率：0.5
2019-09-18 10:04:04,226 INFO [root] [base.py (base_find:22] - 正在查找元素：('id', 'com.yunmall.lc:id/ymtitlebar_right_btn') 超时时间：10 访问频率：0.5
2019-09-18 10:04:04,264 INFO [root] [base.py (base_click:37] - 正在点击元素：('id', 'com.yunmall.lc:id/ymtitlebar_right_btn')
2019-09-18 10:04:04,265 INFO [root] [base.py (base_finds:29] - 正在查找元素：删除 超时时间：10 访问频率：0.5
2019-09-18 10:04:53,086 INFO [root] [base.py (__init__:15] - 获取driver对象：<appium.webdriver.webdriver.WebDriver (session="4aa98b50-c586-46b2-a79c-0841c44a2978")>
2019-09-18 10:04:53,086 INFO [root] [base.py (__init__:15] - 获取driver对象：<appium.webdriver.webdriver.WebDriver (session="4aa98b50-c586-46b2-a79c-0841c44a2978")>
2019-09-18 10:04:53,086 INFO [root] [base.py (base_find:22] - 正在查找元素：('id', 'com.yunmall.lc:id/img_close') 超时时间：10 访问频率：0.5
2019-09-18 10:04:53,670 INFO [root] [base.py (base_click:37] - 正在点击元素：('id', 'com.yunmall.lc:id/img_close')
2019-09-18 10:04:53,670 INFO [root] [base.py (base_find:22] - 正在查找元素：('id', 'com.yunmall.lc:id/tab_me') 超时时间：10 访问频率：0.5
2019-09-18 10:04:54,824 INFO [root] [base.py (base_click:37] - 正在点击元素：('id', 'com.yunmall.lc:id/tab_me')
2019-09-18 10:04:54,825 INFO [root] [base.py (base_find:22] - 正在查找元素：('id', 'com.yunmall.lc:id/textView1') 超时时间：10 访问频率：0.5
2019-09-18 10:04:56,140 INFO [root] [base.py (base_click:37] - 正在点击元素：('id', 'com.yunmall.lc:id/textView1')
2019-09-18 10:04:56,141 INFO [root] [base.py (base_find:22] - 正在查找元素：('id', 'com.yunmall.lc:id/logon_account_textview') 超时时间：10 访问频率：0.5
2019-09-18 10:04:57,490 INFO [root] [base.py (base_input:45] - 正在对元素：('id', 'com.yunmall.lc:id/logon_account_textview') 执行清空操作
2019-09-18 10:04:58,162 INFO [root] [base.py (base_input:48] - 对元素：('id', 'com.yunmall.lc:id/logon_account_textview') 执行 输入：18333182751
2019-09-18 10:04:58,163 INFO [root] [base.py (base_find:22] - 正在查找元素：('id', 'com.yunmall.lc:id/logon_password_textview') 超时时间：10 访问频率：0.5
2019-09-18 10:05:00,063 INFO [root] [base.py (base_input:45] - 正在对元素：('id', 'com.yunmall.lc:id/logon_password_textview') 执行清空操作
2019-09-18 10:05:00,689 INFO [root] [base.py (base_input:48] - 对元素：('id', 'com.yunmall.lc:id/logon_password_textview') 执行 输入：yuanning123456
2019-09-18 10:05:00,690 INFO [root] [base.py (base_find:22] - 正在查找元素：('id', 'com.yunmall.lc:id/logon_button') 超时时间：10 访问频率：0.5
2019-09-18 10:05:01,238 INFO [root] [base.py (base_click:37] - 正在点击元素：('id', 'com.yunmall.lc:id/logon_button')
2019-09-18 10:05:03,239 INFO [root] [base.py (base_find:22] - 正在查找元素：('id', 'com.yunmall.lc:id/ymtitlebar_left_btn_image') 超时时间：10 访问频率：0.5
2019-09-18 10:05:03,483 INFO [root] [base.py (base_click:37] - 正在点击元素：('id', 'com.yunmall.lc:id/ymtitlebar_left_btn_image')
2019-09-18 10:05:03,484 INFO [root] [base.py (base_find:22] - 正在查找元素：('id', 'com.yunmall.lc:id/setting_address_manage') 超时时间：10 访问频率：0.5
2019-09-18 10:05:04,732 INFO [root] [base.py (base_click:37] - 正在点击元素：('id', 'com.yunmall.lc:id/setting_address_manage')
2019-09-18 10:05:04,734 INFO [root] [base.py (base_find:22] - 正在查找元素：('id', 'com.yunmall.lc:id/ymtitlebar_right_btn') 超时时间：10 访问频率：0.5
2019-09-18 10:05:05,861 INFO [root] [base.py (base_click:37] - 正在点击元素：('id', 'com.yunmall.lc:id/ymtitlebar_right_btn')
2019-09-18 10:05:07,861 INFO [root] [base.py (base_finds:29] - 正在查找元素：('xpath', "//*[contains(@text,'修改')]") 超时时间：10 访问频率：0.5
2019-09-18 10:05:08,088 INFO [root] [base.py (base_find:22] - 正在查找元素：('id', 'com.yunmall.lc:id/address_receipt_name') 超时时间：10 访问频率：0.5
2019-09-18 10:05:19,318 INFO [root] [base.py (base_find:22] - 正在查找元素：('id', 'com.yunmall.lc:id/ymtitlebar_right_btn') 超时时间：10 访问频率：0.5
2019-09-18 10:05:19,385 INFO [root] [base.py (base_click:37] - 正在点击元素：('id', 'com.yunmall.lc:id/ymtitlebar_right_btn')
2019-09-18 10:05:19,385 INFO [root] [base.py (base_finds:29] - 正在查找元素：('xpath', "//*[contains(@text,'删除')]") 超时时间：10 访问频率：0.5
2019-09-18 10:07:00,144 INFO [root] [base.py (__init__:15] - 获取driver对象：<appium.webdriver.webdriver.WebDriver (session="4b337165-ecf0-476c-ac50-d37452527a4b")>
2019-09-18 10:07:00,144 INFO [root] [base.py (__init__:15] - 获取driver对象：<appium.webdriver.webdriver.WebDriver (session="4b337165-ecf0-476c-ac50-d37452527a4b")>
2019-09-18 10:07:00,145 INFO [root] [base.py (base_find:22] - 正在查找元素：('id', 'com.yunmall.lc:id/img_close') 超时时间：10 访问频率：0.5
2019-09-18 10:07:00,720 INFO [root] [base.py (base_click:37] - 正在点击元素：('id', 'com.yunmall.lc:id/img_close')
2019-09-18 10:07:00,721 INFO [root] [base.py (base_find:22] - 正在查找元素：('id', 'com.yunmall.lc:id/tab_me') 超时时间：10 访问频率：0.5
2019-09-18 10:07:02,133 INFO [root] [base.py (base_click:37] - 正在点击元素：('id', 'com.yunmall.lc:id/tab_me')
2019-09-18 10:07:02,133 INFO [root] [base.py (base_find:22] - 正在查找元素：('id', 'com.yunmall.lc:id/textView1') 超时时间：10 访问频率：0.5
2019-09-18 10:07:03,418 INFO [root] [base.py (base_click:37] - 正在点击元素：('id', 'com.yunmall.lc:id/textView1')
2019-09-18 10:07:03,419 INFO [root] [base.py (base_find:22] - 正在查找元素：('id', 'com.yunmall.lc:id/logon_account_textview') 超时时间：10 访问频率：0.5
2019-09-18 10:07:04,842 INFO [root] [base.py (base_input:45] - 正在对元素：('id', 'com.yunmall.lc:id/logon_account_textview') 执行清空操作
2019-09-18 10:07:05,512 INFO [root] [base.py (base_input:48] - 对元素：('id', 'com.yunmall.lc:id/logon_account_textview') 执行 输入：18333182751
2019-09-18 10:07:05,512 INFO [root] [base.py (base_find:22] - 正在查找元素：('id', 'com.yunmall.lc:id/logon_password_textview') 超时时间：10 访问频率：0.5
2019-09-18 10:07:07,398 INFO [root] [base.py (base_input:45] - 正在对元素：('id', 'com.yunmall.lc:id/logon_password_textview') 执行清空操作
2019-09-18 10:07:08,011 INFO [root] [base.py (base_input:48] - 对元素：('id', 'com.yunmall.lc:id/logon_password_textview') 执行 输入：yuanning123456
2019-09-18 10:07:08,011 INFO [root] [base.py (base_find:22] - 正在查找元素：('id', 'com.yunmall.lc:id/logon_button') 超时时间：10 访问频率：0.5
2019-09-18 10:07:08,542 INFO [root] [base.py (base_click:37] - 正在点击元素：('id', 'com.yunmall.lc:id/logon_button')
2019-09-18 10:07:10,542 INFO [root] [base.py (base_find:22] - 正在查找元素：('id', 'com.yunmall.lc:id/ymtitlebar_left_btn_image') 超时时间：10 访问频率：0.5
2019-09-18 10:07:10,637 INFO [root] [base.py (base_click:37] - 正在点击元素：('id', 'com.yunmall.lc:id/ymtitlebar_left_btn_image')
2019-09-18 10:07:10,638 INFO [root] [base.py (base_find:22] - 正在查找元素：('id', 'com.yunmall.lc:id/setting_address_manage') 超时时间：10 访问频率：0.5
2019-09-18 10:07:11,836 INFO [root] [base.py (base_click:37] - 正在点击元素：('id', 'com.yunmall.lc:id/setting_address_manage')
2019-09-18 10:07:11,841 INFO [root] [base.py (base_find:22] - 正在查找元素：('id', 'com.yunmall.lc:id/ymtitlebar_right_btn') 超时时间：10 访问频率：0.5
2019-09-18 10:07:12,965 INFO [root] [base.py (base_click:37] - 正在点击元素：('id', 'com.yunmall.lc:id/ymtitlebar_right_btn')
2019-09-18 10:07:14,966 INFO [root] [base.py (base_finds:29] - 正在查找元素：('xpath', "//*[contains(@text,'修改')]") 超时时间：10 访问频率：0.5
2019-09-18 10:07:15,204 INFO [root] [base.py (base_find:22] - 正在查找元素：('id', 'com.yunmall.lc:id/address_receipt_name') 超时时间：10 访问频率：0.5
2019-09-18 10:07:26,436 INFO [root] [base.py (base_find:22] - 正在查找元素：('id', 'com.yunmall.lc:id/ymtitlebar_right_btn') 超时时间：10 访问频率：0.5
2019-09-18 10:07:26,501 INFO [root] [base.py (base_click:37] - 正在点击元素：('id', 'com.yunmall.lc:id/ymtitlebar_right_btn')
2019-09-18 10:07:26,501 INFO [root] [base.py (base_find:22] - 正在查找元素：('xpath', "//*[contains(@text,'删除')]") 超时时间：10 访问频率：0.5
2019-09-18 10:10:45,184 INFO [root] [base.py (__init__:15] - 获取driver对象：<appium.webdriver.webdriver.WebDriver (session="e1b16b08-bb6e-467d-b09a-be168f226a2a")>
2019-09-18 10:10:45,185 INFO [root] [base.py (__init__:15] - 获取driver对象：<appium.webdriver.webdriver.WebDriver (session="e1b16b08-bb6e-467d-b09a-be168f226a2a")>
2019-09-18 10:10:45,185 INFO [root] [base.py (base_find:22] - 正在查找元素：('id', 'com.yunmall.lc:id/img_close') 超时时间：10 访问频率：0.5
2019-09-18 10:10:46,069 INFO [root] [base.py (base_click:37] - 正在点击元素：('id', 'com.yunmall.lc:id/img_close')
2019-09-18 10:10:46,069 INFO [root] [base.py (base_find:22] - 正在查找元素：('id', 'com.yunmall.lc:id/tab_me') 超时时间：10 访问频率：0.5
2019-09-18 10:10:47,138 INFO [root] [base.py (base_click:37] - 正在点击元素：('id', 'com.yunmall.lc:id/tab_me')
2019-09-18 10:10:47,138 INFO [root] [base.py (base_find:22] - 正在查找元素：('id', 'com.yunmall.lc:id/textView1') 超时时间：10 访问频率：0.5
2019-09-18 10:10:48,406 INFO [root] [base.py (base_click:37] - 正在点击元素：('id', 'com.yunmall.lc:id/textView1')
2019-09-18 10:10:48,407 INFO [root] [base.py (base_find:22] - 正在查找元素：('id', 'com.yunmall.lc:id/logon_account_textview') 超时时间：10 访问频率：0.5
2019-09-18 10:10:49,765 INFO [root] [base.py (base_input:45] - 正在对元素：('id', 'com.yunmall.lc:id/logon_account_textview') 执行清空操作
2019-09-18 10:10:50,422 INFO [root] [base.py (base_input:48] - 对元素：('id', 'com.yunmall.lc:id/logon_account_textview') 执行 输入：18333182751
2019-09-18 10:10:50,422 INFO [root] [base.py (base_find:22] - 正在查找元素：('id', 'com.yunmall.lc:id/logon_password_textview') 超时时间：10 访问频率：0.5
2019-09-18 10:10:52,275 INFO [root] [base.py (base_input:45] - 正在对元素：('id', 'com.yunmall.lc:id/logon_password_textview') 执行清空操作
2019-09-18 10:10:52,904 INFO [root] [base.py (base_input:48] - 对元素：('id', 'com.yunmall.lc:id/logon_password_textview') 执行 输入：yuanning123456
2019-09-18 10:10:52,905 INFO [root] [base.py (base_find:22] - 正在查找元素：('id', 'com.yunmall.lc:id/logon_button') 超时时间：10 访问频率：0.5
2019-09-18 10:10:53,437 INFO [root] [base.py (base_click:37] - 正在点击元素：('id', 'com.yunmall.lc:id/logon_button')
2019-09-18 10:10:55,438 INFO [root] [base.py (base_find:22] - 正在查找元素：('id', 'com.yunmall.lc:id/ymtitlebar_left_btn_image') 超时时间：10 访问频率：0.5
2019-09-18 10:10:55,549 INFO [root] [base.py (base_click:37] - 正在点击元素：('id', 'com.yunmall.lc:id/ymtitlebar_left_btn_image')
2019-09-18 10:10:55,549 INFO [root] [base.py (base_find:22] - 正在查找元素：('id', 'com.yunmall.lc:id/setting_address_manage') 超时时间：10 访问频率：0.5
2019-09-18 10:10:56,762 INFO [root] [base.py (base_click:37] - 正在点击元素：('id', 'com.yunmall.lc:id/setting_address_manage')
2019-09-18 10:10:56,764 INFO [root] [base.py (base_find:22] - 正在查找元素：('id', 'com.yunmall.lc:id/ymtitlebar_right_btn') 超时时间：10 访问频率：0.5
2019-09-18 10:10:57,926 INFO [root] [base.py (base_click:37] - 正在点击元素：('id', 'com.yunmall.lc:id/ymtitlebar_right_btn')
2019-09-18 10:10:59,926 INFO [root] [base.py (base_finds:29] - 正在查找元素：('xpath', "//*[contains(@text,'修改')]") 超时时间：10 访问频率：0.5
2019-09-18 10:11:00,140 INFO [root] [base.py (base_find:22] - 正在查找元素：('id', 'com.yunmall.lc:id/address_receipt_name') 超时时间：10 访问频率：0.5
2019-09-18 10:20:51,420 INFO [root] [base.py (__init__:15] - 获取driver对象：<appium.webdriver.webdriver.WebDriver (session="bc759c81-fd45-4eac-bba4-17977724630c")>
2019-09-18 10:20:51,421 INFO [root] [base.py (__init__:15] - 获取driver对象：<appium.webdriver.webdriver.WebDriver (session="bc759c81-fd45-4eac-bba4-17977724630c")>
2019-09-18 10:20:51,421 INFO [root] [base.py (base_find:22] - 正在查找元素：('id', 'com.yunmall.lc:id/img_close') 超时时间：10 访问频率：0.5
2019-09-18 10:20:52,425 INFO [root] [base.py (base_click:37] - 正在点击元素：('id', 'com.yunmall.lc:id/img_close')
2019-09-18 10:20:52,426 INFO [root] [base.py (base_find:22] - 正在查找元素：('id', 'com.yunmall.lc:id/tab_me') 超时时间：10 访问频率：0.5
2019-09-18 10:20:53,584 INFO [root] [base.py (base_click:37] - 正在点击元素：('id', 'com.yunmall.lc:id/tab_me')
2019-09-18 10:20:53,585 INFO [root] [base.py (base_find:22] - 正在查找元素：('id', 'com.yunmall.lc:id/textView1') 超时时间：10 访问频率：0.5
2019-09-18 10:20:54,946 INFO [root] [base.py (base_click:37] - 正在点击元素：('id', 'com.yunmall.lc:id/textView1')
2019-09-18 10:20:54,946 INFO [root] [base.py (base_find:22] - 正在查找元素：('id', 'com.yunmall.lc:id/logon_account_textview') 超时时间：10 访问频率：0.5
2019-09-18 10:20:56,451 INFO [root] [base.py (base_input:45] - 正在对元素：('id', 'com.yunmall.lc:id/logon_account_textview') 执行清空操作
2019-09-18 10:20:57,113 INFO [root] [base.py (base_input:48] - 对元素：('id', 'com.yunmall.lc:id/logon_account_textview') 执行 输入：18333182751
2019-09-18 10:20:57,114 INFO [root] [base.py (base_find:22] - 正在查找元素：('id', 'com.yunmall.lc:id/logon_password_textview') 超时时间：10 访问频率：0.5
2019-09-18 10:20:59,007 INFO [root] [base.py (base_input:45] - 正在对元素：('id', 'com.yunmall.lc:id/logon_password_textview') 执行清空操作
2019-09-18 10:20:59,600 INFO [root] [base.py (base_input:48] - 对元素：('id', 'com.yunmall.lc:id/logon_password_textview') 执行 输入：yuanning123456
2019-09-18 10:20:59,601 INFO [root] [base.py (base_find:22] - 正在查找元素：('id', 'com.yunmall.lc:id/logon_button') 超时时间：10 访问频率：0.5
2019-09-18 10:21:00,153 INFO [root] [base.py (base_click:37] - 正在点击元素：('id', 'com.yunmall.lc:id/logon_button')
2019-09-18 10:21:02,154 INFO [root] [base.py (base_find:22] - 正在查找元素：('id', 'com.yunmall.lc:id/ymtitlebar_left_btn_image') 超时时间：10 访问频率：0.5
2019-09-18 10:21:02,225 INFO [root] [base.py (base_click:37] - 正在点击元素：('id', 'com.yunmall.lc:id/ymtitlebar_left_btn_image')
2019-09-18 10:21:02,225 INFO [root] [base.py (base_find:22] - 正在查找元素：('id', 'com.yunmall.lc:id/setting_address_manage') 超时时间：10 访问频率：0.5
2019-09-18 10:21:03,384 INFO [root] [base.py (base_click:37] - 正在点击元素：('id', 'com.yunmall.lc:id/setting_address_manage')
2019-09-18 10:21:03,385 INFO [root] [base.py (base_find:22] - 正在查找元素：('id', 'com.yunmall.lc:id/ymtitlebar_right_btn') 超时时间：10 访问频率：0.5
2019-09-18 10:21:04,593 INFO [root] [base.py (base_click:37] - 正在点击元素：('id', 'com.yunmall.lc:id/ymtitlebar_right_btn')
2019-09-18 10:21:06,595 INFO [root] [base.py (base_finds:29] - 正在查找元素：('xpath', "//*[contains(@text,'修改')]") 超时时间：10 访问频率：0.5
2019-09-18 10:21:06,784 INFO [root] [base.py (base_find:22] - 正在查找元素：('id', 'com.yunmall.lc:id/address_receipt_name') 超时时间：10 访问频率：0.5
2019-09-18 10:25:22,281 INFO [root] [base.py (__init__:15] - 获取driver对象：<appium.webdriver.webdriver.WebDriver (session="9668fca9-e18c-4340-9d45-cc0f7a8c37fe")>
2019-09-18 10:25:22,281 INFO [root] [base.py (__init__:15] - 获取driver对象：<appium.webdriver.webdriver.WebDriver (session="9668fca9-e18c-4340-9d45-cc0f7a8c37fe")>
2019-09-18 10:25:22,282 INFO [root] [base.py (base_find:22] - 正在查找元素：('id', 'com.yunmall.lc:id/img_close') 超时时间：10 访问频率：0.5
2019-09-18 10:25:22,840 INFO [root] [base.py (base_click:37] - 正在点击元素：('id', 'com.yunmall.lc:id/img_close')
2019-09-18 10:25:22,840 INFO [root] [base.py (base_find:22] - 正在查找元素：('id', 'com.yunmall.lc:id/tab_me') 超时时间：10 访问频率：0.5
2019-09-18 10:25:23,949 INFO [root] [base.py (base_click:37] - 正在点击元素：('id', 'com.yunmall.lc:id/tab_me')
2019-09-18 10:25:23,950 INFO [root] [base.py (base_find:22] - 正在查找元素：('id', 'com.yunmall.lc:id/textView1') 超时时间：10 访问频率：0.5
2019-09-18 10:25:25,287 INFO [root] [base.py (base_click:37] - 正在点击元素：('id', 'com.yunmall.lc:id/textView1')
2019-09-18 10:25:25,287 INFO [root] [base.py (base_find:22] - 正在查找元素：('id', 'com.yunmall.lc:id/logon_account_textview') 超时时间：10 访问频率：0.5
2019-09-18 10:25:26,962 INFO [root] [base.py (base_input:45] - 正在对元素：('id', 'com.yunmall.lc:id/logon_account_textview') 执行清空操作
2019-09-18 10:25:27,630 INFO [root] [base.py (base_input:48] - 对元素：('id', 'com.yunmall.lc:id/logon_account_textview') 执行 输入：18333182751
2019-09-18 10:25:27,630 INFO [root] [base.py (base_find:22] - 正在查找元素：('id', 'com.yunmall.lc:id/logon_password_textview') 超时时间：10 访问频率：0.5
2019-09-18 10:25:29,579 INFO [root] [base.py (base_input:45] - 正在对元素：('id', 'com.yunmall.lc:id/logon_password_textview') 执行清空操作
2019-09-18 10:25:30,159 INFO [root] [base.py (base_input:48] - 对元素：('id', 'com.yunmall.lc:id/logon_password_textview') 执行 输入：yuanning123456
2019-09-18 10:25:30,160 INFO [root] [base.py (base_find:22] - 正在查找元素：('id', 'com.yunmall.lc:id/logon_button') 超时时间：10 访问频率：0.5
2019-09-18 10:25:30,812 INFO [root] [base.py (base_click:37] - 正在点击元素：('id', 'com.yunmall.lc:id/logon_button')
2019-09-18 10:25:32,812 INFO [root] [base.py (base_find:22] - 正在查找元素：('id', 'com.yunmall.lc:id/ymtitlebar_left_btn_image') 超时时间：10 访问频率：0.5
2019-09-18 10:25:32,876 INFO [root] [base.py (base_click:37] - 正在点击元素：('id', 'com.yunmall.lc:id/ymtitlebar_left_btn_image')
2019-09-18 10:25:32,876 INFO [root] [base.py (base_find:22] - 正在查找元素：('id', 'com.yunmall.lc:id/setting_address_manage') 超时时间：10 访问频率：0.5
2019-09-18 10:25:33,993 INFO [root] [base.py (base_click:37] - 正在点击元素：('id', 'com.yunmall.lc:id/setting_address_manage')
2019-09-18 10:25:33,994 INFO [root] [base.py (base_find:22] - 正在查找元素：('id', 'com.yunmall.lc:id/ymtitlebar_right_btn') 超时时间：10 访问频率：0.5
2019-09-18 10:25:35,209 INFO [root] [base.py (base_click:37] - 正在点击元素：('id', 'com.yunmall.lc:id/ymtitlebar_right_btn')
2019-09-18 10:25:37,209 INFO [root] [base.py (base_finds:29] - 正在查找元素：('xpath', "//*[contains(@text,'修改')]") 超时时间：10 访问频率：0.5
2019-09-18 10:25:37,405 INFO [root] [base.py (base_find:22] - 正在查找元素：('id', 'com.yunmall.lc:id/address_receipt_name') 超时时间：10 访问频率：0.5
2019-09-18 10:25:39,185 INFO [root] [base.py (base_input:45] - 正在对元素：('id', 'com.yunmall.lc:id/address_receipt_name') 执行清空操作
2019-09-18 10:25:40,196 INFO [root] [base.py (base_input:48] - 对元素：('id', 'com.yunmall.lc:id/address_receipt_name') 执行 输入：莉莉丝
2019-09-18 10:25:40,196 INFO [root] [base.py (base_find:22] - 正在查找元素：('id', 'com.yunmall.lc:id/address_add_phone') 超时时间：10 访问频率：0.5
2019-09-18 10:25:41,567 INFO [root] [base.py (base_input:45] - 正在对元素：('id', 'com.yunmall.lc:id/address_add_phone') 执行清空操作
2019-09-18 10:25:42,498 INFO [root] [base.py (base_input:48] - 对元素：('id', 'com.yunmall.lc:id/address_add_phone') 执行 输入：13811111111
2019-09-18 10:25:43,499 INFO [root] [base.py (base_find:22] - 正在查找元素：('id', 'com.yunmall.lc:id/address_province') 超时时间：10 访问频率：0.5
2019-09-18 10:25:43,567 INFO [root] [base.py (base_click:37] - 正在点击元素：('id', 'com.yunmall.lc:id/address_province')
2019-09-18 10:25:43,567 INFO [root] [base.py (base_find:22] - 正在查找元素：('xpath', "//*[contains(@text,'广东')]") 超时时间：10 访问频率：0.5
2019-09-18 10:25:44,765 INFO [root] [base.py (base_click:37] - 正在点击元素：('xpath', "//*[contains(@text,'广东')]")
2019-09-18 10:25:44,766 INFO [root] [base.py (base_find:22] - 正在查找元素：('xpath', "//*[contains(@text,'广州')]") 超时时间：10 访问频率：0.5
2019-09-18 10:25:45,614 INFO [root] [base.py (base_click:37] - 正在点击元素：('xpath', "//*[contains(@text,'广州')]")
2019-09-18 10:25:45,615 INFO [root] [base.py (base_find:22] - 正在查找元素：('xpath', "//*[contains(@text,'天河')]") 超时时间：10 访问频率：0.5
2019-09-18 10:25:46,476 INFO [root] [base.py (base_click:37] - 正在点击元素：('xpath', "//*[contains(@text,'天河')]")
2019-09-18 10:25:47,477 INFO [root] [base.py (base_find:22] - 正在查找元素：('id', 'com.yunmall.lc:id/address_detail_addr_info') 超时时间：10 访问频率：0.5
2019-09-18 10:25:48,201 INFO [root] [base.py (base_input:45] - 正在对元素：('id', 'com.yunmall.lc:id/address_detail_addr_info') 执行清空操作
2019-09-18 10:25:49,108 INFO [root] [base.py (base_input:48] - 对元素：('id', 'com.yunmall.lc:id/address_detail_addr_info') 执行 输入：望府街108号
2019-09-18 10:25:50,108 INFO [root] [base.py (base_find:22] - 正在查找元素：('id', 'com.yunmall.lc:id/address_post_code') 超时时间：10 访问频率：0.5
2019-09-18 10:25:50,786 INFO [root] [base.py (base_input:45] - 正在对元素：('id', 'com.yunmall.lc:id/address_post_code') 执行清空操作
2019-09-18 10:25:51,711 INFO [root] [base.py (base_input:48] - 对元素：('id', 'com.yunmall.lc:id/address_post_code') 执行 输入：100000
2019-09-18 10:25:51,712 INFO [root] [base.py (base_find:22] - 正在查找元素：('id', 'com.yunmall.lc:id/button_send') 超时时间：10 访问频率：0.5
2019-09-18 10:25:52,260 INFO [root] [base.py (base_click:37] - 正在点击元素：('id', 'com.yunmall.lc:id/button_send')
2019-09-18 10:25:52,261 INFO [root] [base.py (base_finds:29] - 正在查找元素：('id', 'com.yunmall.lc:id/receipt_name') 超时时间：10 访问频率：0.5
2019-09-18 10:25:53,518 INFO [root] [base.py (base_finds:29] - 正在查找元素：('id', 'com.yunmall.lc:id/receipt_name') 超时时间：10 访问频率：0.5
2019-09-18 10:26:33,643 INFO [root] [base.py (__init__:15] - 获取driver对象：<appium.webdriver.webdriver.WebDriver (session="021fd3c0-4fc6-475c-8581-d70dd7822907")>
2019-09-18 10:26:33,644 INFO [root] [base.py (__init__:15] - 获取driver对象：<appium.webdriver.webdriver.WebDriver (session="021fd3c0-4fc6-475c-8581-d70dd7822907")>
2019-09-18 10:26:33,644 INFO [root] [base.py (base_find:22] - 正在查找元素：('id', 'com.yunmall.lc:id/img_close') 超时时间：10 访问频率：0.5
2019-09-18 10:26:34,555 INFO [root] [base.py (base_click:37] - 正在点击元素：('id', 'com.yunmall.lc:id/img_close')
2019-09-18 10:26:34,555 INFO [root] [base.py (base_find:22] - 正在查找元素：('id', 'com.yunmall.lc:id/tab_me') 超时时间：10 访问频率：0.5
2019-09-18 10:26:35,671 INFO [root] [base.py (base_click:37] - 正在点击元素：('id', 'com.yunmall.lc:id/tab_me')
2019-09-18 10:26:35,671 INFO [root] [base.py (base_find:22] - 正在查找元素：('id', 'com.yunmall.lc:id/textView1') 超时时间：10 访问频率：0.5
2019-09-18 10:26:36,985 INFO [root] [base.py (base_click:37] - 正在点击元素：('id', 'com.yunmall.lc:id/textView1')
2019-09-18 10:26:36,985 INFO [root] [base.py (base_find:22] - 正在查找元素：('id', 'com.yunmall.lc:id/logon_account_textview') 超时时间：10 访问频率：0.5
2019-09-18 10:26:38,296 INFO [root] [base.py (base_input:45] - 正在对元素：('id', 'com.yunmall.lc:id/logon_account_textview') 执行清空操作
2019-09-18 10:26:38,957 INFO [root] [base.py (base_input:48] - 对元素：('id', 'com.yunmall.lc:id/logon_account_textview') 执行 输入：18333182751
2019-09-18 10:26:38,959 INFO [root] [base.py (base_find:22] - 正在查找元素：('id', 'com.yunmall.lc:id/logon_password_textview') 超时时间：10 访问频率：0.5
2019-09-18 10:26:40,840 INFO [root] [base.py (base_input:45] - 正在对元素：('id', 'com.yunmall.lc:id/logon_password_textview') 执行清空操作
2019-09-18 10:26:41,457 INFO [root] [base.py (base_input:48] - 对元素：('id', 'com.yunmall.lc:id/logon_password_textview') 执行 输入：yuanning123456
2019-09-18 10:26:41,457 INFO [root] [base.py (base_find:22] - 正在查找元素：('id', 'com.yunmall.lc:id/logon_button') 超时时间：10 访问频率：0.5
2019-09-18 10:26:42,003 INFO [root] [base.py (base_click:37] - 正在点击元素：('id', 'com.yunmall.lc:id/logon_button')
2019-09-18 10:26:44,003 INFO [root] [base.py (base_find:22] - 正在查找元素：('id', 'com.yunmall.lc:id/ymtitlebar_left_btn_image') 超时时间：10 访问频率：0.5
2019-09-18 10:26:44,095 INFO [root] [base.py (base_click:37] - 正在点击元素：('id', 'com.yunmall.lc:id/ymtitlebar_left_btn_image')
2019-09-18 10:26:44,095 INFO [root] [base.py (base_find:22] - 正在查找元素：('id', 'com.yunmall.lc:id/setting_address_manage') 超时时间：10 访问频率：0.5
2019-09-18 10:26:45,247 INFO [root] [base.py (base_click:37] - 正在点击元素：('id', 'com.yunmall.lc:id/setting_address_manage')
2019-09-18 10:26:45,248 INFO [root] [base.py (base_find:22] - 正在查找元素：('id', 'com.yunmall.lc:id/ymtitlebar_right_btn') 超时时间：10 访问频率：0.5
2019-09-18 10:26:46,392 INFO [root] [base.py (base_click:37] - 正在点击元素：('id', 'com.yunmall.lc:id/ymtitlebar_right_btn')
2019-09-18 10:26:48,393 INFO [root] [base.py (base_finds:29] - 正在查找元素：('xpath', "//*[contains(@text,'修改')]") 超时时间：10 访问频率：0.5
2019-09-18 10:26:48,655 INFO [root] [base.py (base_find:22] - 正在查找元素：('id', 'com.yunmall.lc:id/address_receipt_name') 超时时间：10 访问频率：0.5
2019-09-18 10:26:50,395 INFO [root] [base.py (base_input:45] - 正在对元素：('id', 'com.yunmall.lc:id/address_receipt_name') 执行清空操作
2019-09-18 10:26:51,369 INFO [root] [base.py (base_input:48] - 对元素：('id', 'com.yunmall.lc:id/address_receipt_name') 执行 输入：莉莉丝
2019-09-18 10:26:51,369 INFO [root] [base.py (base_find:22] - 正在查找元素：('id', 'com.yunmall.lc:id/address_add_phone') 超时时间：10 访问频率：0.5
2019-09-18 10:26:52,620 INFO [root] [base.py (base_input:45] - 正在对元素：('id', 'com.yunmall.lc:id/address_add_phone') 执行清空操作
2019-09-18 10:26:53,555 INFO [root] [base.py (base_input:48] - 对元素：('id', 'com.yunmall.lc:id/address_add_phone') 执行 输入：13811111111
2019-09-18 10:26:54,556 INFO [root] [base.py (base_find:22] - 正在查找元素：('id', 'com.yunmall.lc:id/address_province') 超时时间：10 访问频率：0.5
2019-09-18 10:26:54,650 INFO [root] [base.py (base_click:37] - 正在点击元素：('id', 'com.yunmall.lc:id/address_province')
2019-09-18 10:26:54,651 INFO [root] [base.py (base_find:22] - 正在查找元素：('xpath', "//*[contains(@text,'广东')]") 超时时间：10 访问频率：0.5
2019-09-18 10:26:55,999 INFO [root] [base.py (base_finds:29] - 正在查找元素：('id', 'com.yunmall.lc:id/receipt_name') 超时时间：10 访问频率：0.5
2019-09-18 10:27:37,985 INFO [root] [base.py (__init__:15] - 获取driver对象：<appium.webdriver.webdriver.WebDriver (session="26c2fd03-1ed4-4e7f-bcb7-38ea0296d202")>
2019-09-18 10:27:37,986 INFO [root] [base.py (__init__:15] - 获取driver对象：<appium.webdriver.webdriver.WebDriver (session="26c2fd03-1ed4-4e7f-bcb7-38ea0296d202")>
2019-09-18 10:27:37,987 INFO [root] [base.py (base_find:22] - 正在查找元素：('id', 'com.yunmall.lc:id/img_close') 超时时间：10 访问频率：0.5
2019-09-18 10:27:38,752 INFO [root] [base.py (base_click:37] - 正在点击元素：('id', 'com.yunmall.lc:id/img_close')
2019-09-18 10:27:38,753 INFO [root] [base.py (base_find:22] - 正在查找元素：('id', 'com.yunmall.lc:id/tab_me') 超时时间：10 访问频率：0.5
2019-09-18 10:27:40,630 INFO [root] [base.py (base_click:37] - 正在点击元素：('id', 'com.yunmall.lc:id/tab_me')
2019-09-18 10:27:40,630 INFO [root] [base.py (base_find:22] - 正在查找元素：('id', 'com.yunmall.lc:id/textView1') 超时时间：10 访问频率：0.5
2019-09-18 10:27:41,899 INFO [root] [base.py (base_click:37] - 正在点击元素：('id', 'com.yunmall.lc:id/textView1')
2019-09-18 10:27:41,899 INFO [root] [base.py (base_find:22] - 正在查找元素：('id', 'com.yunmall.lc:id/logon_account_textview') 超时时间：10 访问频率：0.5
2019-09-18 10:27:43,315 INFO [root] [base.py (base_input:45] - 正在对元素：('id', 'com.yunmall.lc:id/logon_account_textview') 执行清空操作
2019-09-18 10:27:43,966 INFO [root] [base.py (base_input:48] - 对元素：('id', 'com.yunmall.lc:id/logon_account_textview') 执行 输入：18333182751
2019-09-18 10:27:43,967 INFO [root] [base.py (base_find:22] - 正在查找元素：('id', 'com.yunmall.lc:id/logon_password_textview') 超时时间：10 访问频率：0.5
2019-09-18 10:27:45,885 INFO [root] [base.py (base_input:45] - 正在对元素：('id', 'com.yunmall.lc:id/logon_password_textview') 执行清空操作
2019-09-18 10:27:46,469 INFO [root] [base.py (base_input:48] - 对元素：('id', 'com.yunmall.lc:id/logon_password_textview') 执行 输入：yuanning123456
2019-09-18 10:27:46,471 INFO [root] [base.py (base_find:22] - 正在查找元素：('id', 'com.yunmall.lc:id/logon_button') 超时时间：10 访问频率：0.5
2019-09-18 10:27:47,013 INFO [root] [base.py (base_click:37] - 正在点击元素：('id', 'com.yunmall.lc:id/logon_button')
2019-09-18 10:27:49,014 INFO [root] [base.py (base_find:22] - 正在查找元素：('id', 'com.yunmall.lc:id/ymtitlebar_left_btn_image') 超时时间：10 访问频率：0.5
2019-09-18 10:27:49,070 INFO [root] [base.py (base_click:37] - 正在点击元素：('id', 'com.yunmall.lc:id/ymtitlebar_left_btn_image')
2019-09-18 10:27:49,071 INFO [root] [base.py (base_find:22] - 正在查找元素：('id', 'com.yunmall.lc:id/setting_address_manage') 超时时间：10 访问频率：0.5
2019-09-18 10:27:50,287 INFO [root] [base.py (base_click:37] - 正在点击元素：('id', 'com.yunmall.lc:id/setting_address_manage')
2019-09-18 10:27:50,288 INFO [root] [base.py (base_finds:29] - 正在查找元素：('id', 'com.yunmall.lc:id/receipt_name') 超时时间：10 访问频率：0.5
2019-09-18 10:27:51,650 INFO [root] [base.py (base_find:22] - 正在查找元素：('id', 'com.yunmall.lc:id/ymtitlebar_right_btn') 超时时间：10 访问频率：0.5
2019-09-18 10:27:51,686 INFO [root] [base.py (base_click:37] - 正在点击元素：('id', 'com.yunmall.lc:id/ymtitlebar_right_btn')
2019-09-18 10:27:51,686 INFO [root] [base.py (base_finds:29] - 正在查找元素：('xpath', "//*[contains(@text,'删除')]") 超时时间：10 访问频率：0.5
2019-09-18 10:27:52,365 INFO [root] [base.py (base_find:22] - 正在查找元素：('id', 'com.yunmall.lc:id/ymdialog_left_button') 超时时间：10 访问频率：0.5
2019-09-18 10:27:53,230 INFO [root] [base.py (base_click:37] - 正在点击元素：('id', 'com.yunmall.lc:id/ymdialog_left_button')
2019-09-18 10:27:53,231 INFO [root] [base.py (base_find:22] - 正在查找元素：('id', 'com.yunmall.lc:id/ymtitlebar_right_btn') 超时时间：10 访问频率：0.5
2019-09-18 10:27:54,315 INFO [root] [base.py (base_click:37] - 正在点击元素：('id', 'com.yunmall.lc:id/ymtitlebar_right_btn')
2019-09-18 10:27:54,315 INFO [root] [base.py (base_finds:29] - 正在查找元素：('xpath', "//*[contains(@text,'删除')]") 超时时间：10 访问频率：0.5
2019-09-18 10:27:54,985 INFO [root] [base.py (base_find:22] - 正在查找元素：('id', 'com.yunmall.lc:id/ymdialog_left_button') 超时时间：10 访问频率：0.5
2019-09-18 10:27:55,865 INFO [root] [base.py (base_click:37] - 正在点击元素：('id', 'com.yunmall.lc:id/ymdialog_left_button')
2019-09-18 10:27:55,866 INFO [root] [base.py (base_find:22] - 正在查找元素：('id', 'com.yunmall.lc:id/ymtitlebar_right_btn') 超时时间：10 访问频率：0.5
2019-09-18 10:27:56,980 INFO [root] [base.py (base_click:37] - 正在点击元素：('id', 'com.yunmall.lc:id/ymtitlebar_right_btn')
2019-09-18 10:27:56,981 INFO [root] [base.py (base_finds:29] - 正在查找元素：('xpath', "//*[contains(@text,'删除')]") 超时时间：10 访问频率：0.5
2019-09-18 10:27:57,666 INFO [root] [base.py (base_find:22] - 正在查找元素：('id', 'com.yunmall.lc:id/ymdialog_left_button') 超时时间：10 访问频率：0.5
2019-09-18 10:27:58,531 INFO [root] [base.py (base_click:37] - 正在点击元素：('id', 'com.yunmall.lc:id/ymdialog_left_button')
2019-09-18 10:27:58,532 INFO [root] [base.py (base_find:22] - 正在查找元素：('id', 'com.yunmall.lc:id/ymtitlebar_right_btn') 超时时间：10 访问频率：0.5
2019-09-18 10:27:59,641 INFO [root] [base.py (base_click:37] - 正在点击元素：('id', 'com.yunmall.lc:id/ymtitlebar_right_btn')
2019-09-18 10:27:59,642 INFO [root] [base.py (base_finds:29] - 正在查找元素：('xpath', "//*[contains(@text,'删除')]") 超时时间：10 访问频率：0.5
2019-09-18 10:28:00,333 INFO [root] [base.py (base_find:22] - 正在查找元素：('id', 'com.yunmall.lc:id/ymdialog_left_button') 超时时间：10 访问频率：0.5
2019-09-18 10:28:01,208 INFO [root] [base.py (base_click:37] - 正在点击元素：('id', 'com.yunmall.lc:id/ymdialog_left_button')
2019-09-18 10:28:01,209 INFO [root] [base.py (base_find:22] - 正在查找元素：('id', 'com.yunmall.lc:id/ymtitlebar_right_btn') 超时时间：10 访问频率：0.5
2019-09-18 10:28:02,322 INFO [root] [base.py (base_click:37] - 正在点击元素：('id', 'com.yunmall.lc:id/ymtitlebar_right_btn')
2019-09-18 10:28:02,322 INFO [root] [base.py (base_finds:29] - 正在查找元素：('xpath', "//*[contains(@text,'删除')]") 超时时间：10 访问频率：0.5
2019-09-18 10:28:03,023 INFO [root] [base.py (base_find:22] - 正在查找元素：('id', 'com.yunmall.lc:id/ymdialog_left_button') 超时时间：10 访问频率：0.5
2019-09-18 10:28:03,887 INFO [root] [base.py (base_click:37] - 正在点击元素：('id', 'com.yunmall.lc:id/ymdialog_left_button')
2019-09-18 10:28:03,887 INFO [root] [base.py (base_find:22] - 正在查找元素：('id', 'com.yunmall.lc:id/ymtitlebar_right_btn') 超时时间：10 访问频率：0.5
2019-09-18 10:28:04,982 INFO [root] [base.py (base_click:37] - 正在点击元素：('id', 'com.yunmall.lc:id/ymtitlebar_right_btn')
2019-09-18 10:28:04,983 INFO [root] [base.py (base_finds:29] - 正在查找元素：('xpath', "//*[contains(@text,'删除')]") 超时时间：10 访问频率：0.5
2019-09-18 10:29:43,604 INFO [root] [base.py (__init__:15] - 获取driver对象：<appium.webdriver.webdriver.WebDriver (session="2d42c401-007d-4756-b788-04b5cef3e827")>
2019-09-18 10:29:43,605 INFO [root] [base.py (__init__:15] - 获取driver对象：<appium.webdriver.webdriver.WebDriver (session="2d42c401-007d-4756-b788-04b5cef3e827")>
2019-09-18 10:29:43,605 INFO [root] [base.py (base_find:22] - 正在查找元素：('id', 'com.yunmall.lc:id/img_close') 超时时间：10 访问频率：0.5
2019-09-18 10:29:44,447 INFO [root] [base.py (base_click:37] - 正在点击元素：('id', 'com.yunmall.lc:id/img_close')
2019-09-18 10:29:44,448 INFO [root] [base.py (base_find:22] - 正在查找元素：('id', 'com.yunmall.lc:id/tab_me') 超时时间：10 访问频率：0.5
2019-09-18 10:29:45,654 INFO [root] [base.py (base_click:37] - 正在点击元素：('id', 'com.yunmall.lc:id/tab_me')
2019-09-18 10:29:45,655 INFO [root] [base.py (base_find:22] - 正在查找元素：('id', 'com.yunmall.lc:id/textView1') 超时时间：10 访问频率：0.5
2019-09-18 10:29:47,070 INFO [root] [base.py (base_click:37] - 正在点击元素：('id', 'com.yunmall.lc:id/textView1')
2019-09-18 10:29:47,071 INFO [root] [base.py (base_find:22] - 正在查找元素：('id', 'com.yunmall.lc:id/logon_account_textview') 超时时间：10 访问频率：0.5
2019-09-18 10:29:48,406 INFO [root] [base.py (base_input:45] - 正在对元素：('id', 'com.yunmall.lc:id/logon_account_textview') 执行清空操作
2019-09-18 10:29:49,070 INFO [root] [base.py (base_input:48] - 对元素：('id', 'com.yunmall.lc:id/logon_account_textview') 执行 输入：18333182751
2019-09-18 10:29:49,070 INFO [root] [base.py (base_find:22] - 正在查找元素：('id', 'com.yunmall.lc:id/logon_password_textview') 超时时间：10 访问频率：0.5
2019-09-18 10:29:51,016 INFO [root] [base.py (base_input:45] - 正在对元素：('id', 'com.yunmall.lc:id/logon_password_textview') 执行清空操作
2019-09-18 10:29:51,648 INFO [root] [base.py (base_input:48] - 对元素：('id', 'com.yunmall.lc:id/logon_password_textview') 执行 输入：yuanning123456
2019-09-18 10:29:51,649 INFO [root] [base.py (base_find:22] - 正在查找元素：('id', 'com.yunmall.lc:id/logon_button') 超时时间：10 访问频率：0.5
2019-09-18 10:29:52,171 INFO [root] [base.py (base_click:37] - 正在点击元素：('id', 'com.yunmall.lc:id/logon_button')
2019-09-18 10:29:54,173 INFO [root] [base.py (base_find:22] - 正在查找元素：('id', 'com.yunmall.lc:id/ymtitlebar_left_btn_image') 超时时间：10 访问频率：0.5
2019-09-18 10:29:54,229 INFO [root] [base.py (base_click:37] - 正在点击元素：('id', 'com.yunmall.lc:id/ymtitlebar_left_btn_image')
2019-09-18 10:29:54,230 INFO [root] [base.py (base_find:22] - 正在查找元素：('id', 'com.yunmall.lc:id/setting_address_manage') 超时时间：10 访问频率：0.5
2019-09-18 10:29:55,461 INFO [root] [base.py (base_click:37] - 正在点击元素：('id', 'com.yunmall.lc:id/setting_address_manage')
2019-09-18 10:29:55,462 INFO [root] [base.py (base_find:22] - 正在查找元素：('id', 'com.yunmall.lc:id/address_add_new_btn') 超时时间：10 访问频率：0.5
2019-09-18 10:29:56,591 INFO [root] [base.py (base_click:37] - 正在点击元素：('id', 'com.yunmall.lc:id/address_add_new_btn')
2019-09-18 10:29:56,592 INFO [root] [base.py (base_find:22] - 正在查找元素：('id', 'com.yunmall.lc:id/address_receipt_name') 超时时间：10 访问频率：0.5
2019-09-18 10:29:58,226 INFO [root] [base.py (base_input:45] - 正在对元素：('id', 'com.yunmall.lc:id/address_receipt_name') 执行清空操作
2019-09-18 10:29:58,892 INFO [root] [base.py (base_input:48] - 对元素：('id', 'com.yunmall.lc:id/address_receipt_name') 执行 输入：张三
2019-09-18 10:29:58,892 INFO [root] [base.py (base_find:22] - 正在查找元素：('id', 'com.yunmall.lc:id/address_add_phone') 超时时间：10 访问频率：0.5
2019-09-18 10:30:00,018 INFO [root] [base.py (base_input:45] - 正在对元素：('id', 'com.yunmall.lc:id/address_add_phone') 执行清空操作
2019-09-18 10:30:00,671 INFO [root] [base.py (base_input:48] - 对元素：('id', 'com.yunmall.lc:id/address_add_phone') 执行 输入：13800001111
2019-09-18 10:30:00,672 INFO [root] [base.py (base_find:22] - 正在查找元素：('id', 'com.yunmall.lc:id/address_province') 超时时间：10 访问频率：0.5
2019-09-18 10:30:01,228 INFO [root] [base.py (base_click:37] - 正在点击元素：('id', 'com.yunmall.lc:id/address_province')
2019-09-18 10:30:01,229 INFO [root] [base.py (base_find:22] - 正在查找元素：('xpath', "//*[contains(@text,'河北省')]") 超时时间：10 访问频率：0.5
2019-09-18 10:30:02,386 INFO [root] [base.py (base_click:37] - 正在点击元素：('xpath', "//*[contains(@text,'河北省')]")
2019-09-18 10:30:02,386 INFO [root] [base.py (base_find:22] - 正在查找元素：('xpath', "//*[contains(@text,'石家庄')]") 超时时间：10 访问频率：0.5
2019-09-18 10:30:03,318 INFO [root] [base.py (base_click:37] - 正在点击元素：('xpath', "//*[contains(@text,'石家庄')]")
2019-09-18 10:30:03,319 INFO [root] [base.py (base_find:22] - 正在查找元素：('xpath', "//*[contains(@text,'长安区')]") 超时时间：10 访问频率：0.5
2019-09-18 10:30:04,286 INFO [root] [base.py (base_click:37] - 正在点击元素：('xpath', "//*[contains(@text,'长安区')]")
2019-09-18 10:30:04,286 INFO [root] [base.py (base_find:22] - 正在查找元素：('id', 'com.yunmall.lc:id/address_detail_addr_info') 超时时间：10 访问频率：0.5
2019-09-18 10:30:05,472 INFO [root] [base.py (base_input:45] - 正在对元素：('id', 'com.yunmall.lc:id/address_detail_addr_info') 执行清空操作
2019-09-18 10:30:06,220 INFO [root] [base.py (base_input:48] - 对元素：('id', 'com.yunmall.lc:id/address_detail_addr_info') 执行 输入：京城110号
2019-09-18 10:30:06,220 INFO [root] [base.py (base_find:22] - 正在查找元素：('id', 'com.yunmall.lc:id/address_post_code') 超时时间：10 访问频率：0.5
2019-09-18 10:30:07,273 INFO [root] [base.py (base_input:45] - 正在对元素：('id', 'com.yunmall.lc:id/address_post_code') 执行清空操作
2019-09-18 10:30:07,949 INFO [root] [base.py (base_input:48] - 对元素：('id', 'com.yunmall.lc:id/address_post_code') 执行 输入：100010
2019-09-18 10:30:07,950 INFO [root] [base.py (base_find:22] - 正在查找元素：('id', 'com.yunmall.lc:id/address_default') 超时时间：10 访问频率：0.5
2019-09-18 10:30:08,471 INFO [root] [base.py (base_click:37] - 正在点击元素：('id', 'com.yunmall.lc:id/address_default')
2019-09-18 10:30:08,472 INFO [root] [base.py (base_find:22] - 正在查找元素：('id', 'com.yunmall.lc:id/button_send') 超时时间：10 访问频率：0.5
2019-09-18 10:30:08,998 INFO [root] [base.py (base_click:37] - 正在点击元素：('id', 'com.yunmall.lc:id/button_send')
2019-09-18 10:30:08,999 INFO [root] [base.py (base_finds:29] - 正在查找元素：('id', 'com.yunmall.lc:id/receipt_name') 超时时间：10 访问频率：0.5
2019-09-18 10:30:10,078 INFO [root] [base.py (base_finds:29] - 正在查找元素：('id', 'com.yunmall.lc:id/receipt_name') 超时时间：10 访问频率：0.5
2019-09-18 10:30:10,243 INFO [root] [base.py (base_find:22] - 正在查找元素：('id', 'com.yunmall.lc:id/ymtitlebar_right_btn') 超时时间：10 访问频率：0.5
2019-09-18 10:30:10,279 INFO [root] [base.py (base_click:37] - 正在点击元素：('id', 'com.yunmall.lc:id/ymtitlebar_right_btn')
2019-09-18 10:30:12,280 INFO [root] [base.py (base_finds:29] - 正在查找元素：('xpath', "//*[contains(@text,'修改')]") 超时时间：10 访问频率：0.5
2019-09-18 10:30:12,337 INFO [root] [base.py (base_find:22] - 正在查找元素：('id', 'com.yunmall.lc:id/address_receipt_name') 超时时间：10 访问频率：0.5
2019-09-18 10:30:13,942 INFO [root] [base.py (base_input:45] - 正在对元素：('id', 'com.yunmall.lc:id/address_receipt_name') 执行清空操作
2019-09-18 10:30:14,961 INFO [root] [base.py (base_input:48] - 对元素：('id', 'com.yunmall.lc:id/address_receipt_name') 执行 输入：莉莉丝
2019-09-18 10:30:14,961 INFO [root] [base.py (base_find:22] - 正在查找元素：('id', 'com.yunmall.lc:id/address_add_phone') 超时时间：10 访问频率：0.5
2019-09-18 10:30:16,243 INFO [root] [base.py (base_input:45] - 正在对元素：('id', 'com.yunmall.lc:id/address_add_phone') 执行清空操作
2019-09-18 10:30:17,152 INFO [root] [base.py (base_input:48] - 对元素：('id', 'com.yunmall.lc:id/address_add_phone') 执行 输入：13811111111
2019-09-18 10:30:18,153 INFO [root] [base.py (base_find:22] - 正在查找元素：('id', 'com.yunmall.lc:id/address_province') 超时时间：10 访问频率：0.5
2019-09-18 10:30:18,234 INFO [root] [base.py (base_click:37] - 正在点击元素：('id', 'com.yunmall.lc:id/address_province')
2019-09-18 10:30:18,234 INFO [root] [base.py (base_find:22] - 正在查找元素：('xpath', "//*[contains(@text,'广东')]") 超时时间：10 访问频率：0.5
2019-09-18 10:30:19,352 INFO [root] [base.py (base_click:37] - 正在点击元素：('xpath', "//*[contains(@text,'广东')]")
2019-09-18 10:30:19,352 INFO [root] [base.py (base_find:22] - 正在查找元素：('xpath', "//*[contains(@text,'广州')]") 超时时间：10 访问频率：0.5
2019-09-18 10:30:20,251 INFO [root] [base.py (base_click:37] - 正在点击元素：('xpath', "//*[contains(@text,'广州')]")
2019-09-18 10:30:20,251 INFO [root] [base.py (base_find:22] - 正在查找元素：('xpath', "//*[contains(@text,'天河')]") 超时时间：10 访问频率：0.5
2019-09-18 10:30:21,120 INFO [root] [base.py (base_click:37] - 正在点击元素：('xpath', "//*[contains(@text,'天河')]")
2019-09-18 10:30:22,121 INFO [root] [base.py (base_find:22] - 正在查找元素：('id', 'com.yunmall.lc:id/address_detail_addr_info') 超时时间：10 访问频率：0.5
2019-09-18 10:30:22,813 INFO [root] [base.py (base_input:45] - 正在对元素：('id', 'com.yunmall.lc:id/address_detail_addr_info') 执行清空操作
2019-09-18 10:30:23,753 INFO [root] [base.py (base_input:48] - 对元素：('id', 'com.yunmall.lc:id/address_detail_addr_info') 执行 输入：望府街108号
2019-09-18 10:30:24,753 INFO [root] [base.py (base_find:22] - 正在查找元素：('id', 'com.yunmall.lc:id/address_post_code') 超时时间：10 访问频率：0.5
2019-09-18 10:30:25,445 INFO [root] [base.py (base_input:45] - 正在对元素：('id', 'com.yunmall.lc:id/address_post_code') 执行清空操作
2019-09-18 10:30:26,359 INFO [root] [base.py (base_input:48] - 对元素：('id', 'com.yunmall.lc:id/address_post_code') 执行 输入：100000
2019-09-18 10:30:26,360 INFO [root] [base.py (base_find:22] - 正在查找元素：('id', 'com.yunmall.lc:id/button_send') 超时时间：10 访问频率：0.5
2019-09-18 10:30:26,919 INFO [root] [base.py (base_click:37] - 正在点击元素：('id', 'com.yunmall.lc:id/button_send')
2019-09-18 10:30:26,919 INFO [root] [base.py (base_finds:29] - 正在查找元素：('id', 'com.yunmall.lc:id/receipt_name') 超时时间：10 访问频率：0.5
2019-09-18 10:30:27,920 INFO [root] [base.py (base_finds:29] - 正在查找元素：('id', 'com.yunmall.lc:id/receipt_name') 超时时间：10 访问频率：0.5
2019-09-18 10:30:28,073 INFO [root] [base.py (base_finds:29] - 正在查找元素：('id', 'com.yunmall.lc:id/receipt_name') 超时时间：10 访问频率：0.5
2019-09-18 10:30:28,186 INFO [root] [base.py (base_find:22] - 正在查找元素：('id', 'com.yunmall.lc:id/ymtitlebar_right_btn') 超时时间：10 访问频率：0.5
2019-09-18 10:30:28,239 INFO [root] [base.py (base_click:37] - 正在点击元素：('id', 'com.yunmall.lc:id/ymtitlebar_right_btn')
2019-09-18 10:30:28,239 INFO [root] [base.py (base_finds:29] - 正在查找元素：('xpath', "//*[contains(@text,'删除')]") 超时时间：10 访问频率：0.5
2019-09-18 10:30:28,937 INFO [root] [base.py (base_find:22] - 正在查找元素：('id', 'com.yunmall.lc:id/ymdialog_left_button') 超时时间：10 访问频率：0.5
2019-09-18 10:30:29,788 INFO [root] [base.py (base_click:37] - 正在点击元素：('id', 'com.yunmall.lc:id/ymdialog_left_button')
2019-09-18 10:30:29,788 INFO [root] [base.py (base_find:22] - 正在查找元素：('id', 'com.yunmall.lc:id/ymtitlebar_right_btn') 超时时间：10 访问频率：0.5
2019-09-18 10:30:30,838 INFO [root] [base.py (base_click:37] - 正在点击元素：('id', 'com.yunmall.lc:id/ymtitlebar_right_btn')
2019-09-18 10:30:30,838 INFO [root] [base.py (base_finds:29] - 正在查找元素：('xpath', "//*[contains(@text,'删除')]") 超时时间：10 访问频率：0.5
2019-09-18 10:30:31,523 INFO [root] [base.py (base_find:22] - 正在查找元素：('id', 'com.yunmall.lc:id/ymdialog_left_button') 超时时间：10 访问频率：0.5
2019-09-18 10:30:32,402 INFO [root] [base.py (base_click:37] - 正在点击元素：('id', 'com.yunmall.lc:id/ymdialog_left_button')
2019-09-18 10:30:32,402 INFO [root] [base.py (base_find:22] - 正在查找元素：('id', 'com.yunmall.lc:id/ymtitlebar_right_btn') 超时时间：10 访问频率：0.5
2019-09-18 10:30:33,516 INFO [root] [base.py (base_click:37] - 正在点击元素：('id', 'com.yunmall.lc:id/ymtitlebar_right_btn')
2019-09-18 10:30:33,516 INFO [root] [base.py (base_finds:29] - 正在查找元素：('xpath', "//*[contains(@text,'删除')]") 超时时间：10 访问频率：0.5
2019-09-18 10:30:34,211 INFO [root] [base.py (base_find:22] - 正在查找元素：('id', 'com.yunmall.lc:id/ymdialog_left_button') 超时时间：10 访问频率：0.5
2019-09-18 10:30:35,066 INFO [root] [base.py (base_click:37] - 正在点击元素：('id', 'com.yunmall.lc:id/ymdialog_left_button')
2019-09-18 11:41:47,799 INFO [root] [base.py (__init__:15] - 获取driver对象：<appium.webdriver.webdriver.WebDriver (session="523c0d04-0aa2-4c6b-98c5-d137f1f5e351")>
2019-09-18 11:41:47,799 INFO [root] [base.py (__init__:15] - 获取driver对象：<appium.webdriver.webdriver.WebDriver (session="523c0d04-0aa2-4c6b-98c5-d137f1f5e351")>
2019-09-18 11:41:47,800 INFO [root] [base.py (base_find:22] - 正在查找元素：('id', 'com.yunmall.lc:id/img_close') 超时时间：10 访问频率：0.5
2019-09-18 11:41:48,384 INFO [root] [base.py (base_click:37] - 正在点击元素：('id', 'com.yunmall.lc:id/img_close')
2019-09-18 11:41:48,384 INFO [root] [base.py (base_find:22] - 正在查找元素：('id', 'com.yunmall.lc:id/tab_me') 超时时间：10 访问频率：0.5
2019-09-18 11:41:49,577 INFO [root] [base.py (base_click:37] - 正在点击元素：('id', 'com.yunmall.lc:id/tab_me')
2019-09-18 11:41:49,578 INFO [root] [base.py (base_find:22] - 正在查找元素：('id', 'com.yunmall.lc:id/textView1') 超时时间：10 访问频率：0.5
2019-09-18 11:41:50,999 INFO [root] [base.py (base_click:37] - 正在点击元素：('id', 'com.yunmall.lc:id/textView1')
2019-09-18 11:41:50,999 INFO [root] [base.py (base_find:22] - 正在查找元素：('id', 'com.yunmall.lc:id/logon_account_textview') 超时时间：10 访问频率：0.5
2019-09-18 11:41:52,396 INFO [root] [base.py (base_input:45] - 正在对元素：('id', 'com.yunmall.lc:id/logon_account_textview') 执行清空操作
2019-09-18 11:41:53,044 INFO [root] [base.py (base_input:48] - 对元素：('id', 'com.yunmall.lc:id/logon_account_textview') 执行 输入：18333182751
2019-09-18 11:41:53,044 INFO [root] [base.py (base_find:22] - 正在查找元素：('id', 'com.yunmall.lc:id/logon_password_textview') 超时时间：10 访问频率：0.5
2019-09-18 11:41:54,976 INFO [root] [base.py (base_input:45] - 正在对元素：('id', 'com.yunmall.lc:id/logon_password_textview') 执行清空操作
2019-09-18 11:41:55,600 INFO [root] [base.py (base_input:48] - 对元素：('id', 'com.yunmall.lc:id/logon_password_textview') 执行 输入：yuanning123456
2019-09-18 11:41:55,600 INFO [root] [base.py (base_find:22] - 正在查找元素：('id', 'com.yunmall.lc:id/logon_button') 超时时间：10 访问频率：0.5
2019-09-18 11:41:56,099 INFO [root] [base.py (base_click:37] - 正在点击元素：('id', 'com.yunmall.lc:id/logon_button')
2019-09-18 11:41:58,099 INFO [root] [base.py (base_find:22] - 正在查找元素：('id', 'com.yunmall.lc:id/ymtitlebar_left_btn_image') 超时时间：10 访问频率：0.5
2019-09-18 11:41:58,154 INFO [root] [base.py (base_click:37] - 正在点击元素：('id', 'com.yunmall.lc:id/ymtitlebar_left_btn_image')
2019-09-18 11:41:58,155 INFO [root] [base.py (base_find:22] - 正在查找元素：('id', 'com.yunmall.lc:id/setting_address_manage') 超时时间：10 访问频率：0.5
2019-09-18 11:41:59,306 INFO [root] [base.py (base_click:37] - 正在点击元素：('id', 'com.yunmall.lc:id/setting_address_manage')
2019-09-18 11:41:59,308 INFO [root] [base.py (base_find:22] - 正在查找元素：('id', 'com.yunmall.lc:id/address_add_new_btn') 超时时间：10 访问频率：0.5
2019-09-18 11:42:00,517 INFO [root] [base.py (base_click:37] - 正在点击元素：('id', 'com.yunmall.lc:id/address_add_new_btn')
2019-09-18 11:42:00,518 INFO [root] [base.py (base_find:22] - 正在查找元素：('id', 'com.yunmall.lc:id/address_receipt_name') 超时时间：10 访问频率：0.5
2019-09-18 11:42:02,220 INFO [root] [base.py (base_input:45] - 正在对元素：('id', 'com.yunmall.lc:id/address_receipt_name') 执行清空操作
2019-09-18 11:42:02,886 INFO [root] [base.py (base_input:48] - 对元素：('id', 'com.yunmall.lc:id/address_receipt_name') 执行 输入：李四
2019-09-18 11:42:02,887 INFO [root] [base.py (base_find:22] - 正在查找元素：('id', 'com.yunmall.lc:id/address_add_phone') 超时时间：10 访问频率：0.5
2019-09-18 11:42:04,002 INFO [root] [base.py (base_input:45] - 正在对元素：('id', 'com.yunmall.lc:id/address_add_phone') 执行清空操作
2019-09-18 11:42:04,681 INFO [root] [base.py (base_input:48] - 对元素：('id', 'com.yunmall.lc:id/address_add_phone') 执行 输入：13888888888
2019-09-18 11:42:04,681 INFO [root] [base.py (base_find:22] - 正在查找元素：('xpath', "//*[contains(@text,'('id', 'com.yunmall.lc:id/address_province')')]") 超时时间：10 访问频率：0.5
2019-09-18 11:42:05,458 INFO [root] [base.py (base_find:22] - 正在查找元素：('id', 'com.yunmall.lc:id/ymtitlebar_right_btn') 超时时间：10 访问频率：0.5
2019-09-18 11:42:15,527 INFO [root] [base.py (base_finds:29] - 正在查找元素：('id', 'com.yunmall.lc:id/receipt_name') 超时时间：10 访问频率：0.5
2019-09-18 11:47:24,752 INFO [root] [base.py (__init__:15] - 获取driver对象：<appium.webdriver.webdriver.WebDriver (session="b9b0c0e7-ea11-4ce2-ae85-819edfad3ca6")>
2019-09-18 11:47:24,754 INFO [root] [base.py (__init__:15] - 获取driver对象：<appium.webdriver.webdriver.WebDriver (session="b9b0c0e7-ea11-4ce2-ae85-819edfad3ca6")>
2019-09-18 11:47:24,755 INFO [root] [base.py (base_find:22] - 正在查找元素：('id', 'com.yunmall.lc:id/img_close') 超时时间：10 访问频率：0.5
2019-09-18 11:47:25,324 INFO [root] [base.py (base_click:37] - 正在点击元素：('id', 'com.yunmall.lc:id/img_close')
2019-09-18 11:47:25,324 INFO [root] [base.py (base_find:22] - 正在查找元素：('id', 'com.yunmall.lc:id/tab_me') 超时时间：10 访问频率：0.5
2019-09-18 11:47:26,495 INFO [root] [base.py (base_click:37] - 正在点击元素：('id', 'com.yunmall.lc:id/tab_me')
2019-09-18 11:47:26,495 INFO [root] [base.py (base_find:22] - 正在查找元素：('id', 'com.yunmall.lc:id/textView1') 超时时间：10 访问频率：0.5
2019-09-18 11:47:28,120 INFO [root] [base.py (base_click:37] - 正在点击元素：('id', 'com.yunmall.lc:id/textView1')
2019-09-18 11:47:28,121 INFO [root] [base.py (base_find:22] - 正在查找元素：('id', 'com.yunmall.lc:id/logon_account_textview') 超时时间：10 访问频率：0.5
2019-09-18 11:47:29,355 INFO [root] [base.py (base_input:45] - 正在对元素：('id', 'com.yunmall.lc:id/logon_account_textview') 执行清空操作
2019-09-18 11:47:30,027 INFO [root] [base.py (base_input:48] - 对元素：('id', 'com.yunmall.lc:id/logon_account_textview') 执行 输入：18333182751
2019-09-18 11:47:30,027 INFO [root] [base.py (base_find:22] - 正在查找元素：('id', 'com.yunmall.lc:id/logon_password_textview') 超时时间：10 访问频率：0.5
2019-09-18 11:47:32,029 INFO [root] [base.py (base_input:45] - 正在对元素：('id', 'com.yunmall.lc:id/logon_password_textview') 执行清空操作
2019-09-18 11:47:32,647 INFO [root] [base.py (base_input:48] - 对元素：('id', 'com.yunmall.lc:id/logon_password_textview') 执行 输入：yuanning123456
2019-09-18 11:47:32,648 INFO [root] [base.py (base_find:22] - 正在查找元素：('id', 'com.yunmall.lc:id/logon_button') 超时时间：10 访问频率：0.5
2019-09-18 11:47:33,180 INFO [root] [base.py (base_click:37] - 正在点击元素：('id', 'com.yunmall.lc:id/logon_button')
2019-09-18 11:47:35,180 INFO [root] [base.py (base_find:22] - 正在查找元素：('id', 'com.yunmall.lc:id/ymtitlebar_left_btn_image') 超时时间：10 访问频率：0.5
2019-09-18 11:47:35,237 INFO [root] [base.py (base_click:37] - 正在点击元素：('id', 'com.yunmall.lc:id/ymtitlebar_left_btn_image')
2019-09-18 11:47:35,237 INFO [root] [base.py (base_find:22] - 正在查找元素：('id', 'com.yunmall.lc:id/setting_address_manage') 超时时间：10 访问频率：0.5
2019-09-18 11:47:36,449 INFO [root] [base.py (base_click:37] - 正在点击元素：('id', 'com.yunmall.lc:id/setting_address_manage')
2019-09-18 11:47:36,451 INFO [root] [base.py (base_find:22] - 正在查找元素：('id', 'com.yunmall.lc:id/address_add_new_btn') 超时时间：10 访问频率：0.5
2019-09-18 11:47:37,570 INFO [root] [base.py (base_click:37] - 正在点击元素：('id', 'com.yunmall.lc:id/address_add_new_btn')
2019-09-18 11:47:37,571 INFO [root] [base.py (base_find:22] - 正在查找元素：('id', 'com.yunmall.lc:id/address_receipt_name') 超时时间：10 访问频率：0.5
2019-09-18 11:47:39,191 INFO [root] [base.py (base_input:45] - 正在对元素：('id', 'com.yunmall.lc:id/address_receipt_name') 执行清空操作
2019-09-18 11:47:39,869 INFO [root] [base.py (base_input:48] - 对元素：('id', 'com.yunmall.lc:id/address_receipt_name') 执行 输入：李四
2019-09-18 11:47:39,869 INFO [root] [base.py (base_find:22] - 正在查找元素：('id', 'com.yunmall.lc:id/address_add_phone') 超时时间：10 访问频率：0.5
2019-09-18 11:47:40,982 INFO [root] [base.py (base_input:45] - 正在对元素：('id', 'com.yunmall.lc:id/address_add_phone') 执行清空操作
2019-09-18 11:47:41,630 INFO [root] [base.py (base_input:48] - 对元素：('id', 'com.yunmall.lc:id/address_add_phone') 执行 输入：13888888888
2019-09-18 11:47:41,630 INFO [root] [base.py (base_find:22] - 正在查找元素：('xpath', "//*[contains(@text,'('id', 'com.yunmall.lc:id/address_province')')]") 超时时间：10 访问频率：0.5
2019-09-18 11:47:42,396 INFO [root] [base.py (base_find:22] - 正在查找元素：('id', 'com.yunmall.lc:id/ymtitlebar_right_btn') 超时时间：10 访问频率：0.5
2019-09-18 11:47:52,462 INFO [root] [base.py (base_finds:29] - 正在查找元素：('id', 'com.yunmall.lc:id/receipt_name') 超时时间：10 访问频率：0.5
2019-09-18 11:51:48,731 INFO [root] [base.py (__init__:15] - 获取driver对象：<appium.webdriver.webdriver.WebDriver (session="27ce53c4-a561-4683-95f4-cc2597e5339f")>
2019-09-18 11:51:48,731 INFO [root] [base.py (__init__:15] - 获取driver对象：<appium.webdriver.webdriver.WebDriver (session="27ce53c4-a561-4683-95f4-cc2597e5339f")>
2019-09-18 11:51:48,731 INFO [root] [base.py (base_find:22] - 正在查找元素：('id', 'com.yunmall.lc:id/img_close') 超时时间：10 访问频率：0.5
2019-09-18 11:51:49,337 INFO [root] [base.py (base_click:37] - 正在点击元素：('id', 'com.yunmall.lc:id/img_close')
2019-09-18 11:51:49,337 INFO [root] [base.py (base_find:22] - 正在查找元素：('id', 'com.yunmall.lc:id/tab_me') 超时时间：10 访问频率：0.5
2019-09-18 11:51:50,447 INFO [root] [base.py (base_click:37] - 正在点击元素：('id', 'com.yunmall.lc:id/tab_me')
2019-09-18 11:51:50,447 INFO [root] [base.py (base_find:22] - 正在查找元素：('id', 'com.yunmall.lc:id/textView1') 超时时间：10 访问频率：0.5
2019-09-18 11:51:51,859 INFO [root] [base.py (base_click:37] - 正在点击元素：('id', 'com.yunmall.lc:id/textView1')
2019-09-18 11:51:51,859 INFO [root] [base.py (base_find:22] - 正在查找元素：('id', 'com.yunmall.lc:id/logon_account_textview') 超时时间：10 访问频率：0.5
2019-09-18 11:51:53,181 INFO [root] [base.py (base_input:45] - 正在对元素：('id', 'com.yunmall.lc:id/logon_account_textview') 执行清空操作
2019-09-18 11:51:53,850 INFO [root] [base.py (base_input:48] - 对元素：('id', 'com.yunmall.lc:id/logon_account_textview') 执行 输入：18333182751
2019-09-18 11:51:53,851 INFO [root] [base.py (base_find:22] - 正在查找元素：('id', 'com.yunmall.lc:id/logon_password_textview') 超时时间：10 访问频率：0.5
2019-09-18 11:51:55,750 INFO [root] [base.py (base_input:45] - 正在对元素：('id', 'com.yunmall.lc:id/logon_password_textview') 执行清空操作
2019-09-18 11:51:56,352 INFO [root] [base.py (base_input:48] - 对元素：('id', 'com.yunmall.lc:id/logon_password_textview') 执行 输入：yuanning123456
2019-09-18 11:51:56,353 INFO [root] [base.py (base_find:22] - 正在查找元素：('id', 'com.yunmall.lc:id/logon_button') 超时时间：10 访问频率：0.5
2019-09-18 11:51:56,879 INFO [root] [base.py (base_click:37] - 正在点击元素：('id', 'com.yunmall.lc:id/logon_button')
2019-09-18 11:51:58,880 INFO [root] [base.py (base_find:22] - 正在查找元素：('id', 'com.yunmall.lc:id/ymtitlebar_left_btn_image') 超时时间：10 访问频率：0.5
2019-09-18 11:51:58,952 INFO [root] [base.py (base_click:37] - 正在点击元素：('id', 'com.yunmall.lc:id/ymtitlebar_left_btn_image')
2019-09-18 11:51:58,953 INFO [root] [base.py (base_find:22] - 正在查找元素：('id', 'com.yunmall.lc:id/setting_address_manage') 超时时间：10 访问频率：0.5
2019-09-18 11:52:00,085 INFO [root] [base.py (base_click:37] - 正在点击元素：('id', 'com.yunmall.lc:id/setting_address_manage')
2019-09-18 11:52:00,091 INFO [root] [base.py (base_find:22] - 正在查找元素：('id', 'com.yunmall.lc:id/address_add_new_btn') 超时时间：10 访问频率：0.5
2019-09-18 11:52:01,632 INFO [root] [base.py (base_click:37] - 正在点击元素：('id', 'com.yunmall.lc:id/address_add_new_btn')
2019-09-18 11:52:01,633 INFO [root] [base.py (base_find:22] - 正在查找元素：('id', 'com.yunmall.lc:id/address_receipt_name') 超时时间：10 访问频率：0.5
2019-09-18 11:52:03,841 INFO [root] [base.py (base_input:45] - 正在对元素：('id', 'com.yunmall.lc:id/address_receipt_name') 执行清空操作
2019-09-18 11:52:04,498 INFO [root] [base.py (base_input:48] - 对元素：('id', 'com.yunmall.lc:id/address_receipt_name') 执行 输入：李四
2019-09-18 11:52:04,498 INFO [root] [base.py (base_find:22] - 正在查找元素：('id', 'com.yunmall.lc:id/address_add_phone') 超时时间：10 访问频率：0.5
2019-09-18 11:52:05,534 INFO [root] [base.py (base_input:45] - 正在对元素：('id', 'com.yunmall.lc:id/address_add_phone') 执行清空操作
2019-09-18 11:52:06,218 INFO [root] [base.py (base_input:48] - 对元素：('id', 'com.yunmall.lc:id/address_add_phone') 执行 输入：13888888888
2019-09-18 11:52:06,219 INFO [root] [base.py (base_find:22] - 正在查找元素：('id', 'com.yunmall.lc:id/address_province') 超时时间：10 访问频率：0.5
2019-09-18 11:52:06,776 INFO [root] [base.py (base_click:37] - 正在点击元素：('id', 'com.yunmall.lc:id/address_province')
2019-09-18 11:52:06,776 INFO [root] [base.py (base_find:22] - 正在查找元素：('xpath', "//*[contains(@text,'河北省')]") 超时时间：10 访问频率：0.5
2019-09-18 11:52:07,875 INFO [root] [base.py (base_click:37] - 正在点击元素：('xpath', "//*[contains(@text,'河北省')]")
2019-09-18 11:52:07,875 INFO [root] [base.py (base_find:22] - 正在查找元素：('xpath', "//*[contains(@text,'石家庄')]") 超时时间：10 访问频率：0.5
2019-09-18 11:52:08,742 INFO [root] [base.py (base_click:37] - 正在点击元素：('xpath', "//*[contains(@text,'石家庄')]")
2019-09-18 11:52:08,743 INFO [root] [base.py (base_find:22] - 正在查找元素：('xpath', "//*[contains(@text,'长安')]") 超时时间：10 访问频率：0.5
2019-09-18 11:52:09,590 INFO [root] [base.py (base_click:37] - 正在点击元素：('xpath', "//*[contains(@text,'长安')]")
2019-09-18 11:52:09,591 INFO [root] [base.py (base_find:22] - 正在查找元素：('id', 'com.yunmall.lc:id/address_detail_addr_info') 超时时间：10 访问频率：0.5
2019-09-18 11:52:10,799 INFO [root] [base.py (base_input:45] - 正在对元素：('id', 'com.yunmall.lc:id/address_detail_addr_info') 执行清空操作
2019-09-18 11:52:11,556 INFO [root] [base.py (base_input:48] - 对元素：('id', 'com.yunmall.lc:id/address_detail_addr_info') 执行 输入：大使馆1688
2019-09-18 11:52:11,556 INFO [root] [base.py (base_find:22] - 正在查找元素：('id', 'com.yunmall.lc:id/address_post_code') 超时时间：10 访问频率：0.5
2019-09-18 11:52:12,606 INFO [root] [base.py (base_input:45] - 正在对元素：('id', 'com.yunmall.lc:id/address_post_code') 执行清空操作
2019-09-18 11:52:13,290 INFO [root] [base.py (base_input:48] - 对元素：('id', 'com.yunmall.lc:id/address_post_code') 执行 输入：123456
2019-09-18 11:52:13,291 INFO [root] [base.py (base_find:22] - 正在查找元素：('id', 'com.yunmall.lc:id/address_default') 超时时间：10 访问频率：0.5
2019-09-18 11:52:13,851 INFO [root] [base.py (base_click:37] - 正在点击元素：('id', 'com.yunmall.lc:id/address_default')
2019-09-18 11:52:13,851 INFO [root] [base.py (base_find:22] - 正在查找元素：('id', 'com.yunmall.lc:id/button_send') 超时时间：10 访问频率：0.5
2019-09-18 11:52:14,386 INFO [root] [base.py (base_click:37] - 正在点击元素：('id', 'com.yunmall.lc:id/button_send')
2019-09-18 11:52:14,386 INFO [root] [base.py (base_finds:29] - 正在查找元素：('id', 'com.yunmall.lc:id/receipt_name') 超时时间：10 访问频率：0.5
2019-09-18 11:52:15,415 INFO [root] [base.py (base_finds:29] - 正在查找元素：('id', 'com.yunmall.lc:id/receipt_name') 超时时间：10 访问频率：0.5
2019-09-18 11:52:15,544 INFO [root] [base.py (base_find:22] - 正在查找元素：('id', 'com.yunmall.lc:id/ymtitlebar_right_btn') 超时时间：10 访问频率：0.5
2019-09-18 11:52:15,600 INFO [root] [base.py (base_click:37] - 正在点击元素：('id', 'com.yunmall.lc:id/ymtitlebar_right_btn')
2019-09-18 11:52:17,601 INFO [root] [base.py (base_finds:29] - 正在查找元素：('xpath', "//*[contains(@text,'修改')]") 超时时间：10 访问频率：0.5
2019-09-18 11:52:17,664 INFO [root] [base.py (base_find:22] - 正在查找元素：('id', 'com.yunmall.lc:id/address_receipt_name') 超时时间：10 访问频率：0.5
2019-09-18 11:52:19,926 INFO [root] [base.py (base_input:45] - 正在对元素：('id', 'com.yunmall.lc:id/address_receipt_name') 执行清空操作
2019-09-18 11:52:20,928 INFO [root] [base.py (base_input:48] - 对元素：('id', 'com.yunmall.lc:id/address_receipt_name') 执行 输入：莉莉丝
2019-09-18 11:52:20,929 INFO [root] [base.py (base_find:22] - 正在查找元素：('id', 'com.yunmall.lc:id/address_add_phone') 超时时间：10 访问频率：0.5
2019-09-18 11:52:22,240 INFO [root] [base.py (base_input:45] - 正在对元素：('id', 'com.yunmall.lc:id/address_add_phone') 执行清空操作
2019-09-18 11:52:23,174 INFO [root] [base.py (base_input:48] - 对元素：('id', 'com.yunmall.lc:id/address_add_phone') 执行 输入：13811111111
2019-09-18 11:52:24,175 INFO [root] [base.py (base_find:22] - 正在查找元素：('id', 'com.yunmall.lc:id/address_province') 超时时间：10 访问频率：0.5
2019-09-18 11:52:24,247 INFO [root] [base.py (base_click:37] - 正在点击元素：('id', 'com.yunmall.lc:id/address_province')
2019-09-18 11:52:24,248 INFO [root] [base.py (base_find:22] - 正在查找元素：('xpath', "//*[contains(@text,'广东')]") 超时时间：10 访问频率：0.5
2019-09-18 11:52:25,307 INFO [root] [base.py (base_click:37] - 正在点击元素：('xpath', "//*[contains(@text,'广东')]")
2019-09-18 11:52:25,307 INFO [root] [base.py (base_find:22] - 正在查找元素：('xpath', "//*[contains(@text,'广州')]") 超时时间：10 访问频率：0.5
2019-09-18 11:52:26,321 INFO [root] [base.py (base_click:37] - 正在点击元素：('xpath', "//*[contains(@text,'广州')]")
2019-09-18 11:52:26,321 INFO [root] [base.py (base_find:22] - 正在查找元素：('xpath', "//*[contains(@text,'天河')]") 超时时间：10 访问频率：0.5
2019-09-18 11:52:27,171 INFO [root] [base.py (base_click:37] - 正在点击元素：('xpath', "//*[contains(@text,'天河')]")
2019-09-18 11:52:28,172 INFO [root] [base.py (base_find:22] - 正在查找元素：('id', 'com.yunmall.lc:id/address_detail_addr_info') 超时时间：10 访问频率：0.5
2019-09-18 11:52:28,937 INFO [root] [base.py (base_input:45] - 正在对元素：('id', 'com.yunmall.lc:id/address_detail_addr_info') 执行清空操作
2019-09-18 11:52:29,835 INFO [root] [base.py (base_input:48] - 对元素：('id', 'com.yunmall.lc:id/address_detail_addr_info') 执行 输入：望府街108号
2019-09-18 11:52:30,835 INFO [root] [base.py (base_find:22] - 正在查找元素：('id', 'com.yunmall.lc:id/address_post_code') 超时时间：10 访问频率：0.5
2019-09-18 11:52:31,569 INFO [root] [base.py (base_input:45] - 正在对元素：('id', 'com.yunmall.lc:id/address_post_code') 执行清空操作
2019-09-18 11:52:32,517 INFO [root] [base.py (base_input:48] - 对元素：('id', 'com.yunmall.lc:id/address_post_code') 执行 输入：100000
2019-09-18 11:52:32,518 INFO [root] [base.py (base_find:22] - 正在查找元素：('id', 'com.yunmall.lc:id/button_send') 超时时间：10 访问频率：0.5
2019-09-18 11:52:33,068 INFO [root] [base.py (base_click:37] - 正在点击元素：('id', 'com.yunmall.lc:id/button_send')
2019-09-18 11:52:33,068 INFO [root] [base.py (base_finds:29] - 正在查找元素：('id', 'com.yunmall.lc:id/receipt_name') 超时时间：10 访问频率：0.5
2019-09-18 11:52:33,977 INFO [root] [base.py (base_finds:29] - 正在查找元素：('id', 'com.yunmall.lc:id/receipt_name') 超时时间：10 访问频率：0.5
2019-09-18 11:52:34,234 INFO [root] [base.py (base_finds:29] - 正在查找元素：('id', 'com.yunmall.lc:id/receipt_name') 超时时间：10 访问频率：0.5
2019-09-18 11:52:34,291 INFO [root] [base.py (base_find:22] - 正在查找元素：('id', 'com.yunmall.lc:id/ymtitlebar_right_btn') 超时时间：10 访问频率：0.5
2019-09-18 11:52:34,327 INFO [root] [base.py (base_click:37] - 正在点击元素：('id', 'com.yunmall.lc:id/ymtitlebar_right_btn')
2019-09-18 11:52:34,328 INFO [root] [base.py (base_finds:29] - 正在查找元素：('xpath', "//*[contains(@text,'删除')]") 超时时间：10 访问频率：0.5
2019-09-18 11:52:35,024 INFO [root] [base.py (base_find:22] - 正在查找元素：('id', 'com.yunmall.lc:id/ymdialog_left_button') 超时时间：10 访问频率：0.5
2019-09-18 11:52:35,877 INFO [root] [base.py (base_click:37] - 正在点击元素：('id', 'com.yunmall.lc:id/ymdialog_left_button')
2019-09-18 11:52:35,877 INFO [root] [base.py (base_finds:29] - 正在查找元素：('id', 'com.yunmall.lc:id/receipt_name') 超时时间：2 访问频率：0.5
2019-09-18 12:00:28,832 INFO [root] [base.py (__init__:15] - 获取driver对象：<appium.webdriver.webdriver.WebDriver (session="9c4f6d5f-1a9a-4a2f-b849-28497d964347")>
2019-09-18 12:00:28,833 INFO [root] [base.py (__init__:15] - 获取driver对象：<appium.webdriver.webdriver.WebDriver (session="9c4f6d5f-1a9a-4a2f-b849-28497d964347")>
2019-09-18 12:00:28,833 INFO [root] [base.py (base_find:22] - 正在查找元素：('id', 'com.yunmall.lc:id/img_close') 超时时间：10 访问频率：0.5
2019-09-18 12:00:29,400 INFO [root] [base.py (base_click:37] - 正在点击元素：('id', 'com.yunmall.lc:id/img_close')
2019-09-18 12:00:29,401 INFO [root] [base.py (base_find:22] - 正在查找元素：('id', 'com.yunmall.lc:id/tab_me') 超时时间：10 访问频率：0.5
2019-09-18 12:00:30,139 INFO [root] [base.py (base_click:37] - 正在点击元素：('id', 'com.yunmall.lc:id/tab_me')
2019-09-18 12:00:30,140 INFO [root] [base.py (base_find:22] - 正在查找元素：('id', 'com.yunmall.lc:id/textView1') 超时时间：10 访问频率：0.5
2019-09-18 12:00:31,404 INFO [root] [base.py (base_click:37] - 正在点击元素：('id', 'com.yunmall.lc:id/textView1')
2019-09-18 12:00:31,404 INFO [root] [base.py (base_find:22] - 正在查找元素：('id', 'com.yunmall.lc:id/logon_account_textview') 超时时间：10 访问频率：0.5
2019-09-18 12:00:32,929 INFO [root] [base.py (base_input:45] - 正在对元素：('id', 'com.yunmall.lc:id/logon_account_textview') 执行清空操作
2019-09-18 12:00:33,592 INFO [root] [base.py (base_input:48] - 对元素：('id', 'com.yunmall.lc:id/logon_account_textview') 执行 输入：18333182751
2019-09-18 12:00:33,593 INFO [root] [base.py (base_find:22] - 正在查找元素：('id', 'com.yunmall.lc:id/logon_password_textview') 超时时间：10 访问频率：0.5
2019-09-18 12:00:35,775 INFO [root] [base.py (base_input:45] - 正在对元素：('id', 'com.yunmall.lc:id/logon_password_textview') 执行清空操作
2019-09-18 12:00:36,395 INFO [root] [base.py (base_input:48] - 对元素：('id', 'com.yunmall.lc:id/logon_password_textview') 执行 输入：yuanning123456
2019-09-18 12:00:36,395 INFO [root] [base.py (base_find:22] - 正在查找元素：('id', 'com.yunmall.lc:id/logon_button') 超时时间：10 访问频率：0.5
2019-09-18 12:00:36,919 INFO [root] [base.py (base_click:37] - 正在点击元素：('id', 'com.yunmall.lc:id/logon_button')
2019-09-18 12:00:38,921 INFO [root] [base.py (base_find:22] - 正在查找元素：('id', 'com.yunmall.lc:id/ymtitlebar_left_btn_image') 超时时间：10 访问频率：0.5
2019-09-18 12:00:38,999 INFO [root] [base.py (base_click:37] - 正在点击元素：('id', 'com.yunmall.lc:id/ymtitlebar_left_btn_image')
2019-09-18 12:00:39,000 INFO [root] [base.py (base_find:22] - 正在查找元素：('id', 'com.yunmall.lc:id/setting_address_manage') 超时时间：10 访问频率：0.5
2019-09-18 12:00:40,290 INFO [root] [base.py (base_click:37] - 正在点击元素：('id', 'com.yunmall.lc:id/setting_address_manage')
2019-09-18 12:00:40,291 INFO [root] [base.py (base_find:22] - 正在查找元素：('id', 'com.yunmall.lc:id/address_add_new_btn') 超时时间：10 访问频率：0.5
2019-09-18 12:00:41,420 INFO [root] [base.py (base_click:37] - 正在点击元素：('id', 'com.yunmall.lc:id/address_add_new_btn')
2019-09-18 12:00:41,420 INFO [root] [base.py (base_find:22] - 正在查找元素：('id', 'com.yunmall.lc:id/address_receipt_name') 超时时间：10 访问频率：0.5
2019-09-18 12:00:43,116 INFO [root] [base.py (base_input:45] - 正在对元素：('id', 'com.yunmall.lc:id/address_receipt_name') 执行清空操作
2019-09-18 12:00:43,755 INFO [root] [base.py (base_input:48] - 对元素：('id', 'com.yunmall.lc:id/address_receipt_name') 执行 输入：李四
2019-09-18 12:00:43,755 INFO [root] [base.py (base_find:22] - 正在查找元素：('id', 'com.yunmall.lc:id/address_add_phone') 超时时间：10 访问频率：0.5
2019-09-18 12:00:44,803 INFO [root] [base.py (base_input:45] - 正在对元素：('id', 'com.yunmall.lc:id/address_add_phone') 执行清空操作
2019-09-18 12:00:45,478 INFO [root] [base.py (base_input:48] - 对元素：('id', 'com.yunmall.lc:id/address_add_phone') 执行 输入：13888888888
2019-09-18 12:00:45,479 INFO [root] [base.py (base_find:22] - 正在查找元素：('id', 'com.yunmall.lc:id/address_province') 超时时间：10 访问频率：0.5
2019-09-18 12:00:46,004 INFO [root] [base.py (base_click:37] - 正在点击元素：('id', 'com.yunmall.lc:id/address_province')
2019-09-18 12:00:46,005 INFO [root] [base.py (base_find:22] - 正在查找元素：('xpath', "//*[contains(@text,'河北省')]") 超时时间：10 访问频率：0.5
2019-09-18 12:00:47,232 INFO [root] [base.py (base_click:37] - 正在点击元素：('xpath', "//*[contains(@text,'河北省')]")
2019-09-18 12:00:47,232 INFO [root] [base.py (base_find:22] - 正在查找元素：('xpath', "//*[contains(@text,'石家庄')]") 超时时间：10 访问频率：0.5
2019-09-18 12:00:48,094 INFO [root] [base.py (base_click:37] - 正在点击元素：('xpath', "//*[contains(@text,'石家庄')]")
2019-09-18 12:00:48,095 INFO [root] [base.py (base_find:22] - 正在查找元素：('xpath', "//*[contains(@text,'长安')]") 超时时间：10 访问频率：0.5
2019-09-18 12:00:49,013 INFO [root] [base.py (base_click:37] - 正在点击元素：('xpath', "//*[contains(@text,'长安')]")
2019-09-18 12:00:49,013 INFO [root] [base.py (base_find:22] - 正在查找元素：('id', 'com.yunmall.lc:id/address_detail_addr_info') 超时时间：10 访问频率：0.5
2019-09-18 12:00:50,244 INFO [root] [base.py (base_input:45] - 正在对元素：('id', 'com.yunmall.lc:id/address_detail_addr_info') 执行清空操作
2019-09-18 12:00:50,964 INFO [root] [base.py (base_input:48] - 对元素：('id', 'com.yunmall.lc:id/address_detail_addr_info') 执行 输入：大使馆1688
2019-09-18 12:00:50,965 INFO [root] [base.py (base_find:22] - 正在查找元素：('id', 'com.yunmall.lc:id/address_post_code') 超时时间：10 访问频率：0.5
2019-09-18 12:00:52,057 INFO [root] [base.py (base_input:45] - 正在对元素：('id', 'com.yunmall.lc:id/address_post_code') 执行清空操作
2019-09-18 12:00:52,710 INFO [root] [base.py (base_input:48] - 对元素：('id', 'com.yunmall.lc:id/address_post_code') 执行 输入：123456
2019-09-18 12:00:52,710 INFO [root] [base.py (base_find:22] - 正在查找元素：('id', 'com.yunmall.lc:id/address_default') 超时时间：10 访问频率：0.5
2019-09-18 12:00:53,224 INFO [root] [base.py (base_click:37] - 正在点击元素：('id', 'com.yunmall.lc:id/address_default')
2019-09-18 12:00:53,224 INFO [root] [base.py (base_find:22] - 正在查找元素：('id', 'com.yunmall.lc:id/button_send') 超时时间：10 访问频率：0.5
2019-09-18 12:00:53,767 INFO [root] [base.py (base_click:37] - 正在点击元素：('id', 'com.yunmall.lc:id/button_send')
2019-09-18 12:00:53,768 INFO [root] [base.py (base_finds:29] - 正在查找元素：('id', 'com.yunmall.lc:id/receipt_name') 超时时间：10 访问频率：0.5
2019-09-18 12:00:54,840 INFO [root] [base.py (base_finds:29] - 正在查找元素：('id', 'com.yunmall.lc:id/receipt_name') 超时时间：10 访问频率：0.5
2019-09-18 12:00:54,955 INFO [root] [base.py (base_find:22] - 正在查找元素：('id', 'com.yunmall.lc:id/ymtitlebar_right_btn') 超时时间：10 访问频率：0.5
2019-09-18 12:00:54,990 INFO [root] [base.py (base_click:37] - 正在点击元素：('id', 'com.yunmall.lc:id/ymtitlebar_right_btn')
2019-09-18 12:00:56,990 INFO [root] [base.py (base_finds:29] - 正在查找元素：('xpath', "//*[contains(@text,'修改')]") 超时时间：10 访问频率：0.5
2019-09-18 12:00:57,044 INFO [root] [base.py (base_find:22] - 正在查找元素：('id', 'com.yunmall.lc:id/address_receipt_name') 超时时间：10 访问频率：0.5
2019-09-18 12:00:59,289 INFO [root] [base.py (base_input:45] - 正在对元素：('id', 'com.yunmall.lc:id/address_receipt_name') 执行清空操作
2019-09-18 12:01:00,300 INFO [root] [base.py (base_input:48] - 对元素：('id', 'com.yunmall.lc:id/address_receipt_name') 执行 输入：莉莉丝
2019-09-18 12:01:00,300 INFO [root] [base.py (base_find:22] - 正在查找元素：('id', 'com.yunmall.lc:id/address_add_phone') 超时时间：10 访问频率：0.5
2019-09-18 12:01:01,579 INFO [root] [base.py (base_input:45] - 正在对元素：('id', 'com.yunmall.lc:id/address_add_phone') 执行清空操作
2019-09-18 12:01:02,517 INFO [root] [base.py (base_input:48] - 对元素：('id', 'com.yunmall.lc:id/address_add_phone') 执行 输入：13811111111
2019-09-18 12:01:03,518 INFO [root] [base.py (base_find:22] - 正在查找元素：('id', 'com.yunmall.lc:id/address_province') 超时时间：10 访问频率：0.5
2019-09-18 12:01:03,582 INFO [root] [base.py (base_click:37] - 正在点击元素：('id', 'com.yunmall.lc:id/address_province')
2019-09-18 12:01:03,582 INFO [root] [base.py (base_find:22] - 正在查找元素：('xpath', "//*[contains(@text,'广东')]") 超时时间：10 访问频率：0.5
2019-09-18 12:01:04,730 INFO [root] [base.py (base_click:37] - 正在点击元素：('xpath', "//*[contains(@text,'广东')]")
2019-09-18 12:01:04,730 INFO [root] [base.py (base_find:22] - 正在查找元素：('xpath', "//*[contains(@text,'广州')]") 超时时间：10 访问频率：0.5
2019-09-18 12:01:05,574 INFO [root] [base.py (base_click:37] - 正在点击元素：('xpath', "//*[contains(@text,'广州')]")
2019-09-18 12:01:05,575 INFO [root] [base.py (base_find:22] - 正在查找元素：('xpath', "//*[contains(@text,'天河')]") 超时时间：10 访问频率：0.5
2019-09-18 12:01:06,462 INFO [root] [base.py (base_click:37] - 正在点击元素：('xpath', "//*[contains(@text,'天河')]")
2019-09-18 12:01:07,463 INFO [root] [base.py (base_find:22] - 正在查找元素：('id', 'com.yunmall.lc:id/address_detail_addr_info') 超时时间：10 访问频率：0.5
2019-09-18 12:01:08,216 INFO [root] [base.py (base_input:45] - 正在对元素：('id', 'com.yunmall.lc:id/address_detail_addr_info') 执行清空操作
2019-09-18 12:01:09,153 INFO [root] [base.py (base_input:48] - 对元素：('id', 'com.yunmall.lc:id/address_detail_addr_info') 执行 输入：望府街108号
2019-09-18 12:01:10,153 INFO [root] [base.py (base_find:22] - 正在查找元素：('id', 'com.yunmall.lc:id/address_post_code') 超时时间：10 访问频率：0.5
2019-09-18 12:01:10,904 INFO [root] [base.py (base_input:45] - 正在对元素：('id', 'com.yunmall.lc:id/address_post_code') 执行清空操作
2019-09-18 12:01:11,821 INFO [root] [base.py (base_input:48] - 对元素：('id', 'com.yunmall.lc:id/address_post_code') 执行 输入：100000
2019-09-18 12:01:11,822 INFO [root] [base.py (base_find:22] - 正在查找元素：('id', 'com.yunmall.lc:id/button_send') 超时时间：10 访问频率：0.5
2019-09-18 12:01:12,346 INFO [root] [base.py (base_click:37] - 正在点击元素：('id', 'com.yunmall.lc:id/button_send')
2019-09-18 12:01:12,347 INFO [root] [base.py (base_finds:29] - 正在查找元素：('id', 'com.yunmall.lc:id/receipt_name') 超时时间：10 访问频率：0.5
2019-09-18 12:01:13,368 INFO [root] [base.py (base_finds:29] - 正在查找元素：('id', 'com.yunmall.lc:id/receipt_name') 超时时间：10 访问频率：0.5
2019-09-18 12:01:13,462 INFO [root] [base.py (base_finds:29] - 正在查找元素：('id', 'com.yunmall.lc:id/receipt_name') 超时时间：10 访问频率：0.5
2019-09-18 12:01:13,530 INFO [root] [base.py (base_find:22] - 正在查找元素：('id', 'com.yunmall.lc:id/ymtitlebar_right_btn') 超时时间：10 访问频率：0.5
2019-09-18 12:01:13,585 INFO [root] [base.py (base_click:37] - 正在点击元素：('id', 'com.yunmall.lc:id/ymtitlebar_right_btn')
2019-09-18 12:01:13,585 INFO [root] [base.py (base_finds:29] - 正在查找元素：('xpath', "//*[contains(@text,'删除')]") 超时时间：10 访问频率：0.5
2019-09-18 12:01:14,251 INFO [root] [base.py (base_find:22] - 正在查找元素：('id', 'com.yunmall.lc:id/ymdialog_left_button') 超时时间：10 访问频率：0.5
2019-09-18 12:01:15,094 INFO [root] [base.py (base_click:37] - 正在点击元素：('id', 'com.yunmall.lc:id/ymdialog_left_button')
2019-09-18 12:01:15,095 INFO [root] [base.py (base_finds:29] - 正在查找元素：('id', 'com.yunmall.lc:id/receipt_name') 超时时间：2 访问频率：0.5
